INFO:root:Iniciando demonio distance_deamon...
INFO:root:Iniciando MQTTHANDLER class...
INFO:root:Inicio de MQTTHANDLER success!
INFO:root:Iniciando HCSR04...
INFO:root:¡HCSR04 iniciado correctamente!
ERROR:root:Ocurrió un error: local variable 'cleanup_and_exit' referenced before assignment
ERROR:root:Traceback (most recent call last):
  File "/home/carlos/Documents/raspberry_pi_projects/iot/ultrasonic_sesor/deamon_ultrasonic_sensor.py", line 23, in main
    signal.signal(signal.SIGTERM, cleanup_and_exit)
UnboundLocalError: local variable 'cleanup_and_exit' referenced before assignment

INFO:root:Iniciando demonio distance_deamon...
INFO:root:Iniciando MQTTHANDLER class...
INFO:root:Inicio de MQTTHANDLER success!
INFO:root:Iniciando HCSR04...
INFO:root:¡HCSR04 iniciado correctamente!
INFO:root:Calculando distancia actual...
INFO:root:Distancia (cm): 95.08
INFO:root:Enviando mensaje al broker...
INFO:root:Mensaje enviado!
INFO:root:Calculando distancia actual...
INFO:root:Distancia (cm): 97.63
INFO:root:Enviando mensaje al broker...
INFO:root:Mensaje enviado!
INFO:root:Calculando distancia actual...
INFO:root:Distancia (cm): 18.87
INFO:root:Enviando mensaje al broker...
INFO:root:Mensaje enviado!
INFO:root:Calculando distancia actual...
INFO:root:Distancia (cm): 11.75
INFO:root:Enviando mensaje al broker...
INFO:root:Mensaje enviado!
INFO:root:Calculando distancia actual...
INFO:root:Distancia (cm): 95.5
INFO:root:Enviando mensaje al broker...
INFO:root:Mensaje enviado!
INFO:root:Calculando distancia actual...
INFO:root:Distancia (cm): 101.93
INFO:root:Enviando mensaje al broker...
INFO:root:Mensaje enviado!
INFO:root:Calculando distancia actual...
INFO:root:Distancia (cm): 98.56
INFO:root:Enviando mensaje al broker...
INFO:root:Mensaje enviado!
INFO:root:Calculando distancia actual...
INFO:root:Distancia (cm): 121.4
INFO:root:Enviando mensaje al broker...
INFO:root:Mensaje enviado!
INFO:root:Calculando distancia actual...
INFO:root:Distancia (cm): 123.95
INFO:root:Enviando mensaje al broker...
INFO:root:Mensaje enviado!
INFO:root:Calculando distancia actual...
INFO:root:Distancia (cm): 95.57
INFO:root:Enviando mensaje al broker...
INFO:root:Mensaje enviado!
INFO:root:Calculando distancia actual...
INFO:root:Distancia (cm): 170.72
INFO:root:Enviando mensaje al broker...
INFO:root:Mensaje enviado!
INFO:root:Calculando distancia actual...
INFO:root:Distancia (cm): 124.4
INFO:root:Enviando mensaje al broker...
INFO:root:Mensaje enviado!
INFO:root:Calculando distancia actual...
INFO:root:Distancia (cm): 123.18
INFO:root:Enviando mensaje al broker...
INFO:root:Mensaje enviado!
INFO:root:Calculando distancia actual...
INFO:root:Distancia (cm): 94.72
INFO:root:Enviando mensaje al broker...
INFO:root:Mensaje enviado!
INFO:root:Calculando distancia actual...
INFO:root:Distancia (cm): 124.47
INFO:root:Enviando mensaje al broker...
INFO:root:Mensaje enviado!
INFO:root:Calculando distancia actual...
INFO:root:Distancia (cm): 96.82
INFO:root:Enviando mensaje al broker...
INFO:root:Mensaje enviado!
INFO:root:Calculando distancia actual...
INFO:root:Distancia (cm): 95.99
INFO:root:Enviando mensaje al broker...
INFO:root:Mensaje enviado!
INFO:root:Calculando distancia actual...
INFO:root:Distancia (cm): 98.11
INFO:root:Enviando mensaje al broker...
INFO:root:Mensaje enviado!
INFO:root:Calculando distancia actual...
INFO:root:Distancia (cm): 121.35
INFO:root:Enviando mensaje al broker...
INFO:root:Mensaje enviado!
INFO:root:Calculando distancia actual...
INFO:root:Distancia (cm): 121.01
INFO:root:Enviando mensaje al broker...
INFO:root:Mensaje enviado!
INFO:root:Calculando distancia actual...
INFO:root:Distancia (cm): 103.58
INFO:root:Enviando mensaje al broker...
INFO:root:Mensaje enviado!
INFO:root:Calculando distancia actual...
INFO:root:Distancia (cm): 104.43
INFO:root:Enviando mensaje al broker...
INFO:root:Mensaje enviado!
INFO:root:Calculando distancia actual...
INFO:root:Distancia (cm): 95.51
INFO:root:Enviando mensaje al broker...
INFO:root:Mensaje enviado!
INFO:root:Calculando distancia actual...
INFO:root:Distancia (cm): 168.93
INFO:root:Enviando mensaje al broker...
INFO:root:Mensaje enviado!
INFO:root:Calculando distancia actual...
INFO:root:Distancia (cm): 95.55
INFO:root:Enviando mensaje al broker...
INFO:root:Mensaje enviado!
INFO:root:Calculando distancia actual...
INFO:root:Distancia (cm): 95.5
INFO:root:Enviando mensaje al broker...
INFO:root:Mensaje enviado!
INFO:root:Calculando distancia actual...
INFO:root:Distancia (cm): 95.95
INFO:root:Enviando mensaje al broker...
INFO:root:Mensaje enviado!
INFO:root:Calculando distancia actual...
INFO:root:Distancia (cm): 102.79
INFO:root:Enviando mensaje al broker...
INFO:root:Mensaje enviado!
INFO:root:Calculando distancia actual...
INFO:root:Distancia (cm): 98.46
INFO:root:Enviando mensaje al broker...
INFO:root:Mensaje enviado!
INFO:root:Calculando distancia actual...
INFO:root:Distancia (cm): 123.1
INFO:root:Enviando mensaje al broker...
INFO:root:Mensaje enviado!
INFO:root:Calculando distancia actual...
INFO:root:Distancia (cm): 103.2
INFO:root:Enviando mensaje al broker...
INFO:root:Mensaje enviado!
INFO:root:Calculando distancia actual...
INFO:root:Distancia (cm): 95.12
INFO:root:Enviando mensaje al broker...
INFO:root:Mensaje enviado!
INFO:root:Calculando distancia actual...
INFO:root:Distancia (cm): 168.5
INFO:root:Enviando mensaje al broker...
INFO:root:Mensaje enviado!
INFO:root:Calculando distancia actual...
INFO:root:Distancia (cm): 102.77
INFO:root:Enviando mensaje al broker...
INFO:root:Mensaje enviado!
INFO:root:Calculando distancia actual...
INFO:root:Distancia (cm): 99.31
INFO:root:Enviando mensaje al broker...
INFO:root:Mensaje enviado!
INFO:root:Calculando distancia actual...
INFO:root:Distancia (cm): 95.37
INFO:root:Enviando mensaje al broker...
INFO:root:Mensaje enviado!
INFO:root:Calculando distancia actual...
INFO:root:Distancia (cm): 127.75
INFO:root:Enviando mensaje al broker...
INFO:root:Mensaje enviado!
INFO:root:Calculando distancia actual...
INFO:root:Distancia (cm): 123.07
INFO:root:Enviando mensaje al broker...
INFO:root:Mensaje enviado!
INFO:root:Calculando distancia actual...
INFO:root:Distancia (cm): 98.51
INFO:root:Enviando mensaje al broker...
INFO:root:Mensaje enviado!
INFO:root:Calculando distancia actual...
INFO:root:Distancia (cm): 121.41
INFO:root:Enviando mensaje al broker...
INFO:root:Mensaje enviado!
INFO:root:Calculando distancia actual...
INFO:root:Distancia (cm): 98.46
INFO:root:Enviando mensaje al broker...
INFO:root:Mensaje enviado!
INFO:root:Calculando distancia actual...
INFO:root:Distancia (cm): 168.51
INFO:root:Enviando mensaje al broker...
INFO:root:Mensaje enviado!
INFO:root:Calculando distancia actual...
INFO:root:Distancia (cm): 95.51
INFO:root:Enviando mensaje al broker...
INFO:root:Mensaje enviado!
INFO:root:Calculando distancia actual...
INFO:root:Distancia (cm): 104.44
INFO:root:Enviando mensaje al broker...
INFO:root:Mensaje enviado!
INFO:root:Calculando distancia actual...
INFO:root:Distancia (cm): 125.2
INFO:root:Enviando mensaje al broker...
INFO:root:Mensaje enviado!
INFO:root:Calculando distancia actual...
INFO:root:Distancia (cm): 122.71
INFO:root:Enviando mensaje al broker...
INFO:root:Mensaje enviado!
INFO:root:Calculando distancia actual...
INFO:root:Distancia (cm): 95.5
INFO:root:Enviando mensaje al broker...
INFO:root:Mensaje enviado!
INFO:root:Calculando distancia actual...
INFO:root:Distancia (cm): 126.94
INFO:root:Enviando mensaje al broker...
INFO:root:Mensaje enviado!
INFO:root:Calculando distancia actual...
INFO:root:Distancia (cm): 102.75
INFO:root:Enviando mensaje al broker...
INFO:root:Mensaje enviado!
INFO:root:Calculando distancia actual...
INFO:root:Distancia (cm): 98.1
INFO:root:Enviando mensaje al broker...
INFO:root:Mensaje enviado!
INFO:root:Calculando distancia actual...
INFO:root:Distancia (cm): 95.09
INFO:root:Enviando mensaje al broker...
INFO:root:Mensaje enviado!
INFO:root:Calculando distancia actual...
INFO:root:Distancia (cm): 121.89
INFO:root:Enviando mensaje al broker...
INFO:root:Mensaje enviado!
INFO:root:Calculando distancia actual...
INFO:root:Distancia (cm): 95.9
INFO:root:Enviando mensaje al broker...
INFO:root:Mensaje enviado!
INFO:root:Calculando distancia actual...
INFO:root:Distancia (cm): 95.94
INFO:root:Enviando mensaje al broker...
INFO:root:Mensaje enviado!
INFO:root:Calculando distancia actual...
INFO:root:Distancia (cm): 124.11
INFO:root:Enviando mensaje al broker...
INFO:root:Mensaje enviado!
INFO:root:Calculando distancia actual...
INFO:root:Distancia (cm): 97.21
INFO:root:Enviando mensaje al broker...
INFO:root:Mensaje enviado!
INFO:root:Calculando distancia actual...
INFO:root:Distancia (cm): 97.26
INFO:root:Enviando mensaje al broker...
INFO:root:Mensaje enviado!
INFO:root:Calculando distancia actual...
INFO:root:Distancia (cm): 97.65
INFO:root:Enviando mensaje al broker...
INFO:root:Mensaje enviado!
INFO:root:Calculando distancia actual...
INFO:root:Distancia (cm): 122.25
INFO:root:Enviando mensaje al broker...
INFO:root:Mensaje enviado!
INFO:root:Calculando distancia actual...
INFO:root:Distancia (cm): 96.9
INFO:root:Enviando mensaje al broker...
INFO:root:Mensaje enviado!
INFO:root:Calculando distancia actual...
INFO:root:Distancia (cm): 121.82
INFO:root:Enviando mensaje al broker...
INFO:root:Mensaje enviado!
INFO:root:Calculando distancia actual...
INFO:root:Distancia (cm): 99.33
INFO:root:Enviando mensaje al broker...
INFO:root:Mensaje enviado!
INFO:root:Calculando distancia actual...
INFO:root:Distancia (cm): 105.09
INFO:root:Enviando mensaje al broker...
INFO:root:Mensaje enviado!
INFO:root:Calculando distancia actual...
INFO:root:Distancia (cm): 168.47
INFO:root:Enviando mensaje al broker...
INFO:root:Mensaje enviado!
INFO:root:Calculando distancia actual...
INFO:root:Distancia (cm): 168.48
INFO:root:Enviando mensaje al broker...
INFO:root:Mensaje enviado!
INFO:root:Calculando distancia actual...
INFO:root:Distancia (cm): 169.37
INFO:root:Enviando mensaje al broker...
INFO:root:Mensaje enviado!
INFO:root:Calculando distancia actual...
INFO:root:Distancia (cm): 168.11
INFO:root:Enviando mensaje al broker...
INFO:root:Mensaje enviado!
INFO:root:Calculando distancia actual...
INFO:root:Distancia (cm): 168.05
INFO:root:Enviando mensaje al broker...
INFO:root:Mensaje enviado!
INFO:root:Calculando distancia actual...
INFO:root:Distancia (cm): 105.47
INFO:root:Enviando mensaje al broker...
INFO:root:Mensaje enviado!
INFO:root:Calculando distancia actual...
INFO:root:Distancia (cm): 168.48
INFO:root:Enviando mensaje al broker...
INFO:root:Mensaje enviado!
INFO:root:Calculando distancia actual...
INFO:root:Distancia (cm): 168.54
INFO:root:Enviando mensaje al broker...
INFO:root:Mensaje enviado!
INFO:root:Calculando distancia actual...
INFO:root:Distancia (cm): 168.5
INFO:root:Enviando mensaje al broker...
INFO:root:Mensaje enviado!
INFO:root:Calculando distancia actual...
INFO:root:Distancia (cm): 168.43
INFO:root:Enviando mensaje al broker...
INFO:root:Mensaje enviado!
INFO:root:Calculando distancia actual...
INFO:root:Distancia (cm): 168.04
INFO:root:Enviando mensaje al broker...
INFO:root:Mensaje enviado!
INFO:root:Calculando distancia actual...
INFO:root:Distancia (cm): 142.67
INFO:root:Enviando mensaje al broker...
INFO:root:Mensaje enviado!
INFO:root:Calculando distancia actual...
INFO:root:Distancia (cm): 168.89
INFO:root:Enviando mensaje al broker...
INFO:root:Mensaje enviado!
INFO:root:Calculando distancia actual...
INFO:root:Distancia (cm): 168.99
INFO:root:Enviando mensaje al broker...
INFO:root:Mensaje enviado!
INFO:root:Calculando distancia actual...
INFO:root:Distancia (cm): 10.34
INFO:root:Enviando mensaje al broker...
INFO:root:Mensaje enviado!
INFO:root:Calculando distancia actual...
INFO:root:Distancia (cm): 9.76
INFO:root:Enviando mensaje al broker...
INFO:root:Mensaje enviado!
INFO:root:Calculando distancia actual...
INFO:root:Distancia (cm): 10.22
INFO:root:Enviando mensaje al broker...
INFO:root:Mensaje enviado!
INFO:root:Calculando distancia actual...
INFO:root:Distancia (cm): 9.87
INFO:root:Enviando mensaje al broker...
INFO:root:Mensaje enviado!
INFO:root:Calculando distancia actual...
INFO:root:Distancia (cm): 10.34
INFO:root:Enviando mensaje al broker...
INFO:root:Mensaje enviado!
INFO:root:Calculando distancia actual...
INFO:root:Distancia (cm): 10.11
INFO:root:Enviando mensaje al broker...
INFO:root:Mensaje enviado!
INFO:root:Calculando distancia actual...
INFO:root:Distancia (cm): 9.9
INFO:root:Enviando mensaje al broker...
INFO:root:Mensaje enviado!
INFO:root:Calculando distancia actual...
INFO:root:Distancia (cm): 10.28
INFO:root:Enviando mensaje al broker...
INFO:root:Mensaje enviado!
INFO:root:Calculando distancia actual...
INFO:root:Distancia (cm): 9.82
INFO:root:Enviando mensaje al broker...
INFO:root:Mensaje enviado!
INFO:root:Calculando distancia actual...
INFO:root:Distancia (cm): 9.84
INFO:root:Enviando mensaje al broker...
INFO:root:Mensaje enviado!
INFO:root:Calculando distancia actual...
INFO:root:Distancia (cm): 9.89
INFO:root:Enviando mensaje al broker...
INFO:root:Mensaje enviado!
INFO:root:Calculando distancia actual...
INFO:root:Distancia (cm): 9.76
INFO:root:Enviando mensaje al broker...
INFO:root:Mensaje enviado!
INFO:root:Calculando distancia actual...
INFO:root:Distancia (cm): 9.65
INFO:root:Enviando mensaje al broker...
INFO:root:Mensaje enviado!
INFO:root:Calculando distancia actual...
INFO:root:Distancia (cm): 106.36
INFO:root:Enviando mensaje al broker...
INFO:root:Mensaje enviado!
INFO:root:Calculando distancia actual...
INFO:root:Distancia (cm): 171.05
INFO:root:Enviando mensaje al broker...
INFO:root:Mensaje enviado!
INFO:root:Calculando distancia actual...
INFO:root:Distancia (cm): 168.07
INFO:root:Enviando mensaje al broker...
INFO:root:Mensaje enviado!
INFO:root:Calculando distancia actual...
INFO:root:Distancia (cm): 168.39
INFO:root:Enviando mensaje al broker...
INFO:root:Mensaje enviado!
INFO:root:Calculando distancia actual...
INFO:root:Distancia (cm): 168.41
INFO:root:Enviando mensaje al broker...
INFO:root:Mensaje enviado!
INFO:root:Calculando distancia actual...
INFO:root:Distancia (cm): 168.02
INFO:root:Enviando mensaje al broker...
INFO:root:Mensaje enviado!
INFO:root:Calculando distancia actual...
INFO:root:Distancia (cm): 168.52
INFO:root:Enviando mensaje al broker...
INFO:root:Mensaje enviado!
INFO:root:Calculando distancia actual...
INFO:root:Distancia (cm): 168.09
INFO:root:Enviando mensaje al broker...
INFO:root:Mensaje enviado!
INFO:root:Calculando distancia actual...
INFO:root:Distancia (cm): 168.56
INFO:root:Enviando mensaje al broker...
INFO:root:Mensaje enviado!
INFO:root:Calculando distancia actual...
INFO:root:Distancia (cm): 168.93
INFO:root:Enviando mensaje al broker...
INFO:root:Mensaje enviado!
INFO:root:Calculando distancia actual...
INFO:root:Distancia (cm): 168.5
INFO:root:Enviando mensaje al broker...
INFO:root:Mensaje enviado!
INFO:root:Calculando distancia actual...
INFO:root:Distancia (cm): 168.49
INFO:root:Enviando mensaje al broker...
INFO:root:Mensaje enviado!
INFO:root:Calculando distancia actual...
INFO:root:Distancia (cm): 168.53
INFO:root:Enviando mensaje al broker...
INFO:root:Mensaje enviado!
INFO:root:Calculando distancia actual...
INFO:root:Distancia (cm): 168.08
INFO:root:Enviando mensaje al broker...
INFO:root:Mensaje enviado!
INFO:root:Calculando distancia actual...
INFO:root:Distancia (cm): 168.94
INFO:root:Enviando mensaje al broker...
INFO:root:Mensaje enviado!
INFO:root:Calculando distancia actual...
INFO:root:Distancia (cm): 169.32
INFO:root:Enviando mensaje al broker...
INFO:root:Mensaje enviado!
INFO:root:Calculando distancia actual...
INFO:root:Distancia (cm): 96.57
INFO:root:Enviando mensaje al broker...
INFO:root:Mensaje enviado!
INFO:root:Calculando distancia actual...
INFO:root:Distancia (cm): 169.39
INFO:root:Enviando mensaje al broker...
INFO:root:Mensaje enviado!
INFO:root:Calculando distancia actual...
INFO:root:Distancia (cm): 168.51
INFO:root:Enviando mensaje al broker...
INFO:root:Mensaje enviado!
INFO:root:Calculando distancia actual...
INFO:root:Distancia (cm): 168.12
INFO:root:Enviando mensaje al broker...
INFO:root:Mensaje enviado!
INFO:root:Calculando distancia actual...
INFO:root:Distancia (cm): 168.49
INFO:root:Enviando mensaje al broker...
INFO:root:Mensaje enviado!
INFO:root:Calculando distancia actual...
INFO:root:Distancia (cm): 168.52
INFO:root:Enviando mensaje al broker...
INFO:root:Mensaje enviado!
INFO:root:Calculando distancia actual...
INFO:root:Distancia (cm): 168.04
INFO:root:Enviando mensaje al broker...
INFO:root:Mensaje enviado!
INFO:root:Calculando distancia actual...
INFO:root:Distancia (cm): 168.94
INFO:root:Enviando mensaje al broker...
INFO:root:Mensaje enviado!
INFO:root:Calculando distancia actual...
INFO:root:Distancia (cm): 170.61
INFO:root:Enviando mensaje al broker...
INFO:root:Mensaje enviado!
INFO:root:Calculando distancia actual...
INFO:root:Distancia (cm): 168.08
INFO:root:Enviando mensaje al broker...
INFO:root:Mensaje enviado!
INFO:root:Calculando distancia actual...
INFO:root:Distancia (cm): 105.89
INFO:root:Enviando mensaje al broker...
INFO:root:Mensaje enviado!
INFO:root:Calculando distancia actual...
INFO:root:Distancia (cm): 168.05
INFO:root:Enviando mensaje al broker...
INFO:root:Mensaje enviado!
INFO:root:Calculando distancia actual...
INFO:root:Distancia (cm): 169.77
INFO:root:Enviando mensaje al broker...
INFO:root:Mensaje enviado!
