INFO:root:Iniciando demonio distance_deamon...
INFO:root:Iniciando clase MQTTHANDLER...
INFO:root:¡MQTTHANDLER inicio correctamente!
INFO:root:Iniciando clase HCSR04...
INFO:root:¡HCSR04 inicio correctamente!
INFO:root:Calculando distancia actual...
INFO:root:Distancia(cm): 183.07
INFO:root:Enviando mensaje al broker...
INFO:root:¡Mensaje enviado!
INFO:root:Calculando distancia actual...
INFO:root:Distancia(cm): 183.03
INFO:root:Enviando mensaje al broker...
INFO:root:¡Mensaje enviado!
INFO:root:Calculando distancia actual...
INFO:root:Distancia(cm): 183.06
INFO:root:Enviando mensaje al broker...
INFO:root:¡Mensaje enviado!
INFO:root:Calculando distancia actual...
INFO:root:Distancia(cm): 183.48
INFO:root:Enviando mensaje al broker...
INFO:root:¡Mensaje enviado!
INFO:root:Calculando distancia actual...
INFO:root:Distancia(cm): 183.12
INFO:root:Enviando mensaje al broker...
INFO:root:¡Mensaje enviado!
INFO:root:Calculando distancia actual...
INFO:root:Distancia(cm): 183.06
INFO:root:Enviando mensaje al broker...
INFO:root:¡Mensaje enviado!
INFO:root:Calculando distancia actual...
INFO:root:Distancia(cm): 182.57
INFO:root:Enviando mensaje al broker...
INFO:root:¡Mensaje enviado!
INFO:root:Calculando distancia actual...
INFO:root:Distancia(cm): 183.12
INFO:root:Enviando mensaje al broker...
INFO:root:¡Mensaje enviado!
INFO:root:Calculando distancia actual...
INFO:root:Distancia(cm): 183.58
INFO:root:Enviando mensaje al broker...
INFO:root:¡Mensaje enviado!
INFO:root:Calculando distancia actual...
INFO:root:Distancia(cm): 182.99
INFO:root:Enviando mensaje al broker...
INFO:root:¡Mensaje enviado!
INFO:root:Calculando distancia actual...
INFO:root:Distancia(cm): 184.42
INFO:root:Enviando mensaje al broker...
INFO:root:¡Mensaje enviado!
INFO:root:Calculando distancia actual...
INFO:root:Distancia(cm): 183.19
INFO:root:Enviando mensaje al broker...
INFO:root:¡Mensaje enviado!
INFO:root:Calculando distancia actual...
INFO:root:Distancia(cm): 183.08
INFO:root:Enviando mensaje al broker...
INFO:root:¡Mensaje enviado!
INFO:root:Calculando distancia actual...
INFO:root:Distancia(cm): 183.1
INFO:root:Enviando mensaje al broker...
INFO:root:¡Mensaje enviado!
INFO:root:Calculando distancia actual...
INFO:root:Distancia(cm): 182.72
INFO:root:Enviando mensaje al broker...
INFO:root:¡Mensaje enviado!
INFO:root:Calculando distancia actual...
INFO:root:Distancia(cm): 183.41
INFO:root:Enviando mensaje al broker...
INFO:root:¡Mensaje enviado!
INFO:root:Calculando distancia actual...
INFO:root:Distancia(cm): 182.72
INFO:root:Enviando mensaje al broker...
INFO:root:¡Mensaje enviado!
INFO:root:Calculando distancia actual...
INFO:root:Distancia(cm): 182.71
INFO:root:Enviando mensaje al broker...
INFO:root:¡Mensaje enviado!
INFO:root:Calculando distancia actual...
INFO:root:Distancia(cm): 182.56
INFO:root:Enviando mensaje al broker...
INFO:root:¡Mensaje enviado!
INFO:root:Calculando distancia actual...
INFO:root:Distancia(cm): 183.02
INFO:root:Enviando mensaje al broker...
INFO:root:¡Mensaje enviado!
INFO:root:Calculando distancia actual...
INFO:root:Distancia(cm): 182.62
INFO:root:Enviando mensaje al broker...
INFO:root:¡Mensaje enviado!
INFO:root:Calculando distancia actual...
INFO:root:Distancia(cm): 183.54
INFO:root:Enviando mensaje al broker...
INFO:root:¡Mensaje enviado!
INFO:root:Calculando distancia actual...
INFO:root:Distancia(cm): 183.09
INFO:root:Enviando mensaje al broker...
INFO:root:¡Mensaje enviado!
INFO:root:Calculando distancia actual...
INFO:root:Distancia(cm): 182.68
INFO:root:Enviando mensaje al broker...
INFO:root:¡Mensaje enviado!
INFO:root:Calculando distancia actual...
INFO:root:Distancia(cm): 183.41
INFO:root:Enviando mensaje al broker...
INFO:root:¡Mensaje enviado!
INFO:root:Calculando distancia actual...
INFO:root:Distancia(cm): 182.72
INFO:root:Enviando mensaje al broker...
INFO:root:¡Mensaje enviado!
INFO:root:Calculando distancia actual...
INFO:root:Distancia(cm): 183.45
INFO:root:Enviando mensaje al broker...
INFO:root:¡Mensaje enviado!
INFO:root:Calculando distancia actual...
INFO:root:Distancia(cm): 182.99
INFO:root:Enviando mensaje al broker...
INFO:root:¡Mensaje enviado!
INFO:root:Calculando distancia actual...
INFO:root:Distancia(cm): 130.27
INFO:root:Enviando mensaje al broker...
INFO:root:¡Mensaje enviado!
INFO:root:Calculando distancia actual...
INFO:root:Distancia(cm): 186.6
INFO:root:Enviando mensaje al broker...
INFO:root:¡Mensaje enviado!
INFO:root:Calculando distancia actual...
INFO:root:Distancia(cm): 183.44
INFO:root:Enviando mensaje al broker...
INFO:root:¡Mensaje enviado!
INFO:root:Calculando distancia actual...
INFO:root:Distancia(cm): 182.68
INFO:root:Enviando mensaje al broker...
INFO:root:¡Mensaje enviado!
INFO:root:Calculando distancia actual...
INFO:root:Distancia(cm): 182.62
INFO:root:Enviando mensaje al broker...
INFO:root:¡Mensaje enviado!
INFO:root:Calculando distancia actual...
INFO:root:Distancia(cm): 183.08
INFO:root:Enviando mensaje al broker...
INFO:root:¡Mensaje enviado!
INFO:root:Calculando distancia actual...
INFO:root:Distancia(cm): 182.61
INFO:root:Enviando mensaje al broker...
INFO:root:¡Mensaje enviado!
INFO:root:Calculando distancia actual...
INFO:root:Distancia(cm): 183.28
INFO:root:Enviando mensaje al broker...
INFO:root:¡Mensaje enviado!
INFO:root:Calculando distancia actual...
INFO:root:Distancia(cm): 183.55
INFO:root:Enviando mensaje al broker...
INFO:root:¡Mensaje enviado!
INFO:root:Calculando distancia actual...
INFO:root:Distancia(cm): 185.65
INFO:root:Enviando mensaje al broker...
INFO:root:¡Mensaje enviado!
INFO:root:Calculando distancia actual...
INFO:root:Distancia(cm): 184.36
INFO:root:Enviando mensaje al broker...
INFO:root:¡Mensaje enviado!
INFO:root:Calculando distancia actual...
INFO:root:Distancia(cm): 183.55
INFO:root:Enviando mensaje al broker...
INFO:root:¡Mensaje enviado!
INFO:root:Calculando distancia actual...
INFO:root:Distancia(cm): 182.66
INFO:root:Enviando mensaje al broker...
INFO:root:¡Mensaje enviado!
INFO:root:Calculando distancia actual...
INFO:root:Distancia(cm): 183.46
INFO:root:Enviando mensaje al broker...
INFO:root:¡Mensaje enviado!
INFO:root:Calculando distancia actual...
INFO:root:Distancia(cm): 183.01
INFO:root:Enviando mensaje al broker...
INFO:root:¡Mensaje enviado!
INFO:root:Calculando distancia actual...
INFO:root:Distancia(cm): 185.29
INFO:root:Enviando mensaje al broker...
INFO:root:¡Mensaje enviado!
INFO:root:Calculando distancia actual...
INFO:root:Distancia(cm): 183.87
INFO:root:Enviando mensaje al broker...
INFO:root:¡Mensaje enviado!
INFO:root:Calculando distancia actual...
INFO:root:Distancia(cm): 182.66
INFO:root:Enviando mensaje al broker...
INFO:root:¡Mensaje enviado!
INFO:root:Calculando distancia actual...
INFO:root:Distancia(cm): 183.92
INFO:root:Enviando mensaje al broker...
INFO:root:¡Mensaje enviado!
INFO:root:Calculando distancia actual...
INFO:root:Distancia(cm): 182.64
INFO:root:Enviando mensaje al broker...
INFO:root:¡Mensaje enviado!
INFO:root:Calculando distancia actual...
INFO:root:Distancia(cm): 183.46
INFO:root:Enviando mensaje al broker...
INFO:root:¡Mensaje enviado!
INFO:root:Calculando distancia actual...
INFO:root:Distancia(cm): 183.13
INFO:root:Enviando mensaje al broker...
INFO:root:¡Mensaje enviado!
INFO:root:Calculando distancia actual...
INFO:root:Distancia(cm): 183.06
INFO:root:Enviando mensaje al broker...
INFO:root:¡Mensaje enviado!
INFO:root:Calculando distancia actual...
INFO:root:Distancia(cm): 182.64
INFO:root:Enviando mensaje al broker...
INFO:root:¡Mensaje enviado!
INFO:root:Calculando distancia actual...
INFO:root:Distancia(cm): 183.11
INFO:root:Enviando mensaje al broker...
INFO:root:¡Mensaje enviado!
INFO:root:Calculando distancia actual...
INFO:root:Distancia(cm): 184.02
INFO:root:Enviando mensaje al broker...
INFO:root:¡Mensaje enviado!
INFO:root:Calculando distancia actual...
INFO:root:Distancia(cm): 184.91
INFO:root:Enviando mensaje al broker...
INFO:root:¡Mensaje enviado!
INFO:root:Calculando distancia actual...
INFO:root:Distancia(cm): 183.54
INFO:root:Enviando mensaje al broker...
INFO:root:¡Mensaje enviado!
INFO:root:Calculando distancia actual...
INFO:root:Distancia(cm): 182.67
INFO:root:Enviando mensaje al broker...
INFO:root:¡Mensaje enviado!
INFO:root:Calculando distancia actual...
INFO:root:Distancia(cm): 183.12
INFO:root:Enviando mensaje al broker...
INFO:root:¡Mensaje enviado!
INFO:root:Calculando distancia actual...
INFO:root:Distancia(cm): 182.61
INFO:root:Enviando mensaje al broker...
INFO:root:¡Mensaje enviado!
INFO:root:Calculando distancia actual...
INFO:root:Distancia(cm): 184.89
INFO:root:Enviando mensaje al broker...
INFO:root:¡Mensaje enviado!
INFO:root:Calculando distancia actual...
INFO:root:Distancia(cm): 183.1
INFO:root:Enviando mensaje al broker...
INFO:root:¡Mensaje enviado!
INFO:root:Calculando distancia actual...
INFO:root:Distancia(cm): 183.11
INFO:root:Enviando mensaje al broker...
INFO:root:¡Mensaje enviado!
INFO:root:Calculando distancia actual...
INFO:root:Distancia(cm): 183.53
INFO:root:Enviando mensaje al broker...
INFO:root:¡Mensaje enviado!
INFO:root:Calculando distancia actual...
INFO:root:Distancia(cm): 184.86
INFO:root:Enviando mensaje al broker...
INFO:root:¡Mensaje enviado!
INFO:root:Calculando distancia actual...
INFO:root:Distancia(cm): 182.63
INFO:root:Enviando mensaje al broker...
INFO:root:¡Mensaje enviado!
INFO:root:Calculando distancia actual...
INFO:root:Distancia(cm): 182.99
INFO:root:Enviando mensaje al broker...
INFO:root:¡Mensaje enviado!
INFO:root:Calculando distancia actual...
INFO:root:Distancia(cm): 182.7
INFO:root:Enviando mensaje al broker...
INFO:root:¡Mensaje enviado!
INFO:root:Calculando distancia actual...
INFO:root:Distancia(cm): 182.56
INFO:root:Enviando mensaje al broker...
INFO:root:¡Mensaje enviado!
INFO:root:Calculando distancia actual...
INFO:root:Distancia(cm): 182.61
INFO:root:Enviando mensaje al broker...
INFO:root:¡Mensaje enviado!
INFO:root:Calculando distancia actual...
INFO:root:Distancia(cm): 182.57
INFO:root:Enviando mensaje al broker...
INFO:root:¡Mensaje enviado!
INFO:root:Calculando distancia actual...
INFO:root:Distancia(cm): 183.94
INFO:root:Enviando mensaje al broker...
INFO:root:¡Mensaje enviado!
INFO:root:Calculando distancia actual...
INFO:root:Distancia(cm): 184.4
INFO:root:Enviando mensaje al broker...
INFO:root:¡Mensaje enviado!
INFO:root:Calculando distancia actual...
INFO:root:Distancia(cm): 182.57
INFO:root:Enviando mensaje al broker...
INFO:root:¡Mensaje enviado!
INFO:root:Calculando distancia actual...
INFO:root:Distancia(cm): 183.56
INFO:root:Enviando mensaje al broker...
INFO:root:¡Mensaje enviado!
INFO:root:Calculando distancia actual...
INFO:root:Distancia(cm): 183.08
INFO:root:Enviando mensaje al broker...
INFO:root:¡Mensaje enviado!
INFO:root:Calculando distancia actual...
INFO:root:Distancia(cm): 182.76
INFO:root:Enviando mensaje al broker...
INFO:root:¡Mensaje enviado!
INFO:root:Calculando distancia actual...
INFO:root:Distancia(cm): 184.43
INFO:root:Enviando mensaje al broker...
INFO:root:¡Mensaje enviado!
INFO:root:Calculando distancia actual...
INFO:root:Distancia(cm): 183.98
INFO:root:Enviando mensaje al broker...
INFO:root:¡Mensaje enviado!
INFO:root:Calculando distancia actual...
INFO:root:Distancia(cm): 182.7
INFO:root:Enviando mensaje al broker...
INFO:root:¡Mensaje enviado!
INFO:root:Calculando distancia actual...
INFO:root:Distancia(cm): 101.18
INFO:root:Enviando mensaje al broker...
INFO:root:¡Mensaje enviado!
INFO:root:Calculando distancia actual...
INFO:root:Distancia(cm): 69.95
INFO:root:Enviando mensaje al broker...
INFO:root:¡Mensaje enviado!
INFO:root:Calculando distancia actual...
INFO:root:Distancia(cm): 64.7
INFO:root:Enviando mensaje al broker...
INFO:root:¡Mensaje enviado!
INFO:root:Calculando distancia actual...
INFO:root:Distancia(cm): 183.1
INFO:root:Enviando mensaje al broker...
INFO:root:¡Mensaje enviado!
INFO:root:Calculando distancia actual...
INFO:root:Distancia(cm): 184.69
INFO:root:Enviando mensaje al broker...
INFO:root:¡Mensaje enviado!
INFO:root:Calculando distancia actual...
INFO:root:Distancia(cm): 183.06
INFO:root:Enviando mensaje al broker...
INFO:root:¡Mensaje enviado!
INFO:root:Calculando distancia actual...
INFO:root:Distancia(cm): 183.03
INFO:root:Enviando mensaje al broker...
INFO:root:¡Mensaje enviado!
INFO:root:Calculando distancia actual...
INFO:root:Distancia(cm): 183.48
INFO:root:Enviando mensaje al broker...
INFO:root:¡Mensaje enviado!
INFO:root:Calculando distancia actual...
INFO:root:Distancia(cm): 183.02
INFO:root:Enviando mensaje al broker...
INFO:root:¡Mensaje enviado!
INFO:root:Calculando distancia actual...
INFO:root:Distancia(cm): 183.44
INFO:root:Enviando mensaje al broker...
INFO:root:¡Mensaje enviado!
INFO:root:Calculando distancia actual...
INFO:root:Distancia(cm): 183.46
INFO:root:Enviando mensaje al broker...
INFO:root:¡Mensaje enviado!
INFO:root:Calculando distancia actual...
INFO:root:Distancia(cm): 13.72
INFO:root:Enviando mensaje al broker...
INFO:root:¡Mensaje enviado!
INFO:root:Calculando distancia actual...
INFO:root:Distancia(cm): 7.63
INFO:root:Enviando mensaje al broker...
INFO:root:¡Mensaje enviado!
INFO:root:Calculando distancia actual...
INFO:root:Distancia(cm): 182.92
INFO:root:Enviando mensaje al broker...
INFO:root:¡Mensaje enviado!
INFO:root:Calculando distancia actual...
INFO:root:Distancia(cm): 17.27
INFO:root:Enviando mensaje al broker...
INFO:root:¡Mensaje enviado!
INFO:root:Calculando distancia actual...
INFO:root:Distancia(cm): 182.53
INFO:root:Enviando mensaje al broker...
INFO:root:¡Mensaje enviado!
INFO:root:Calculando distancia actual...
INFO:root:Distancia(cm): 183.02
INFO:root:Enviando mensaje al broker...
INFO:root:¡Mensaje enviado!
INFO:root:Calculando distancia actual...
INFO:root:Distancia(cm): 182.69
INFO:root:Enviando mensaje al broker...
INFO:root:¡Mensaje enviado!
INFO:root:Calculando distancia actual...
INFO:root:Distancia(cm): 183.08
INFO:root:Enviando mensaje al broker...
INFO:root:¡Mensaje enviado!
INFO:root:Calculando distancia actual...
INFO:root:Distancia(cm): 182.97
INFO:root:Enviando mensaje al broker...
INFO:root:¡Mensaje enviado!
INFO:root:Calculando distancia actual...
INFO:root:Distancia(cm): 182.95
INFO:root:Enviando mensaje al broker...
INFO:root:¡Mensaje enviado!
INFO:root:Calculando distancia actual...
INFO:root:Distancia(cm): 183.12
INFO:root:Enviando mensaje al broker...
INFO:root:¡Mensaje enviado!
INFO:root:Calculando distancia actual...
INFO:root:Distancia(cm): 182.53
INFO:root:Enviando mensaje al broker...
INFO:root:¡Mensaje enviado!
INFO:root:Calculando distancia actual...
INFO:root:Distancia(cm): 183.44
INFO:root:Enviando mensaje al broker...
INFO:root:¡Mensaje enviado!
INFO:root:Calculando distancia actual...
INFO:root:Distancia(cm): 182.45
INFO:root:Enviando mensaje al broker...
INFO:root:¡Mensaje enviado!
INFO:root:Calculando distancia actual...
INFO:root:Distancia(cm): 183.53
INFO:root:Enviando mensaje al broker...
INFO:root:¡Mensaje enviado!
INFO:root:Calculando distancia actual...
INFO:root:Distancia(cm): 182.98
INFO:root:Enviando mensaje al broker...
INFO:root:¡Mensaje enviado!
INFO:root:Calculando distancia actual...
INFO:root:Distancia(cm): 183.04
INFO:root:Enviando mensaje al broker...
INFO:root:¡Mensaje enviado!
INFO:root:Calculando distancia actual...
INFO:root:Distancia(cm): 17.79
INFO:root:Enviando mensaje al broker...
INFO:root:¡Mensaje enviado!
INFO:root:Calculando distancia actual...
INFO:root:Distancia(cm): 182.09
INFO:root:Enviando mensaje al broker...
INFO:root:¡Mensaje enviado!
INFO:root:Calculando distancia actual...
INFO:root:Distancia(cm): 183.55
INFO:root:Enviando mensaje al broker...
INFO:root:¡Mensaje enviado!
INFO:root:Calculando distancia actual...
INFO:root:Distancia(cm): 182.62
INFO:root:Enviando mensaje al broker...
INFO:root:¡Mensaje enviado!
INFO:root:Calculando distancia actual...
INFO:root:Distancia(cm): 182.53
INFO:root:Enviando mensaje al broker...
INFO:root:¡Mensaje enviado!
INFO:root:Calculando distancia actual...
INFO:root:Distancia(cm): 183.49
INFO:root:Enviando mensaje al broker...
INFO:root:¡Mensaje enviado!
INFO:root:Calculando distancia actual...
INFO:root:Distancia(cm): 183.02
INFO:root:Enviando mensaje al broker...
INFO:root:¡Mensaje enviado!
INFO:root:Calculando distancia actual...
INFO:root:Distancia(cm): 183.01
INFO:root:Enviando mensaje al broker...
INFO:root:¡Mensaje enviado!
INFO:root:Calculando distancia actual...
INFO:root:Distancia(cm): 20.29
INFO:root:Enviando mensaje al broker...
INFO:root:¡Mensaje enviado!
INFO:root:Calculando distancia actual...
INFO:root:Distancia(cm): 21.45
INFO:root:Enviando mensaje al broker...
INFO:root:¡Mensaje enviado!
INFO:root:Calculando distancia actual...
INFO:root:Distancia(cm): 183.0
INFO:root:Enviando mensaje al broker...
INFO:root:¡Mensaje enviado!
INFO:root:Calculando distancia actual...
INFO:root:Distancia(cm): 182.54
INFO:root:Enviando mensaje al broker...
INFO:root:¡Mensaje enviado!
INFO:root:Calculando distancia actual...
INFO:root:Distancia(cm): 183.1
INFO:root:Enviando mensaje al broker...
INFO:root:¡Mensaje enviado!
INFO:root:Calculando distancia actual...
INFO:root:Distancia(cm): 183.13
INFO:root:Enviando mensaje al broker...
INFO:root:¡Mensaje enviado!
INFO:root:Calculando distancia actual...
INFO:root:Distancia(cm): 183.17
INFO:root:Enviando mensaje al broker...
INFO:root:¡Mensaje enviado!
INFO:root:Calculando distancia actual...
INFO:root:Distancia(cm): 183.67
INFO:root:Enviando mensaje al broker...
INFO:root:¡Mensaje enviado!
INFO:root:Calculando distancia actual...
INFO:root:Distancia(cm): 182.79
INFO:root:Enviando mensaje al broker...
INFO:root:¡Mensaje enviado!
INFO:root:Calculando distancia actual...
INFO:root:Distancia(cm): 182.71
INFO:root:Enviando mensaje al broker...
INFO:root:¡Mensaje enviado!
INFO:root:Calculando distancia actual...
INFO:root:Distancia(cm): 184.83
INFO:root:Enviando mensaje al broker...
INFO:root:¡Mensaje enviado!
INFO:root:Calculando distancia actual...
INFO:root:Distancia(cm): 182.74
INFO:root:Enviando mensaje al broker...
INFO:root:¡Mensaje enviado!
INFO:root:Calculando distancia actual...
INFO:root:Distancia(cm): 183.88
INFO:root:Enviando mensaje al broker...
INFO:root:¡Mensaje enviado!
INFO:root:Calculando distancia actual...
INFO:root:Distancia(cm): 183.04
INFO:root:Enviando mensaje al broker...
INFO:root:¡Mensaje enviado!
INFO:root:Calculando distancia actual...
INFO:root:Distancia(cm): 183.15
INFO:root:Enviando mensaje al broker...
INFO:root:¡Mensaje enviado!
INFO:root:Calculando distancia actual...
INFO:root:Distancia(cm): 183.16
INFO:root:Enviando mensaje al broker...
INFO:root:¡Mensaje enviado!
INFO:root:Calculando distancia actual...
INFO:root:Distancia(cm): 182.76
INFO:root:Enviando mensaje al broker...
INFO:root:¡Mensaje enviado!
INFO:root:Calculando distancia actual...
INFO:root:Distancia(cm): 183.1
INFO:root:Enviando mensaje al broker...
INFO:root:¡Mensaje enviado!
INFO:root:Calculando distancia actual...
INFO:root:Distancia(cm): 183.47
INFO:root:Enviando mensaje al broker...
INFO:root:¡Mensaje enviado!
INFO:root:Calculando distancia actual...
INFO:root:Distancia(cm): 183.52
INFO:root:Enviando mensaje al broker...
INFO:root:¡Mensaje enviado!
INFO:root:Calculando distancia actual...
INFO:root:Distancia(cm): 183.1
INFO:root:Enviando mensaje al broker...
INFO:root:¡Mensaje enviado!
INFO:root:Calculando distancia actual...
INFO:root:Distancia(cm): 182.7
INFO:root:Enviando mensaje al broker...
INFO:root:¡Mensaje enviado!
INFO:root:Calculando distancia actual...
INFO:root:Distancia(cm): 183.06
INFO:root:Enviando mensaje al broker...
INFO:root:¡Mensaje enviado!
INFO:root:Calculando distancia actual...
INFO:root:Distancia(cm): 183.14
INFO:root:Enviando mensaje al broker...
INFO:root:¡Mensaje enviado!
INFO:root:Calculando distancia actual...
INFO:root:Distancia(cm): 183.55
INFO:root:Enviando mensaje al broker...
INFO:root:¡Mensaje enviado!
INFO:root:Calculando distancia actual...
INFO:root:Distancia(cm): 182.6
INFO:root:Enviando mensaje al broker...
INFO:root:¡Mensaje enviado!
INFO:root:Calculando distancia actual...
INFO:root:Distancia(cm): 183.26
INFO:root:Enviando mensaje al broker...
INFO:root:¡Mensaje enviado!
INFO:root:Calculando distancia actual...
INFO:root:Distancia(cm): 183.11
INFO:root:Enviando mensaje al broker...
INFO:root:¡Mensaje enviado!
INFO:root:Calculando distancia actual...
INFO:root:Distancia(cm): 183.98
INFO:root:Enviando mensaje al broker...
INFO:root:¡Mensaje enviado!
INFO:root:Calculando distancia actual...
INFO:root:Distancia(cm): 182.77
INFO:root:Enviando mensaje al broker...
INFO:root:¡Mensaje enviado!
INFO:root:Calculando distancia actual...
INFO:root:Distancia(cm): 183.07
INFO:root:Enviando mensaje al broker...
INFO:root:¡Mensaje enviado!
INFO:root:Calculando distancia actual...
INFO:root:Distancia(cm): 183.53
INFO:root:Enviando mensaje al broker...
INFO:root:¡Mensaje enviado!
INFO:root:Calculando distancia actual...
INFO:root:Distancia(cm): 183.54
INFO:root:Enviando mensaje al broker...
INFO:root:¡Mensaje enviado!
INFO:root:Calculando distancia actual...
INFO:root:Distancia(cm): 182.63
INFO:root:Enviando mensaje al broker...
INFO:root:¡Mensaje enviado!
INFO:root:Calculando distancia actual...
INFO:root:Distancia(cm): 183.94
INFO:root:Enviando mensaje al broker...
INFO:root:¡Mensaje enviado!
INFO:root:Calculando distancia actual...
INFO:root:Distancia(cm): 183.08
INFO:root:Enviando mensaje al broker...
INFO:root:¡Mensaje enviado!
INFO:root:Calculando distancia actual...
INFO:root:Distancia(cm): 182.64
INFO:root:Enviando mensaje al broker...
INFO:root:¡Mensaje enviado!
INFO:root:Calculando distancia actual...
INFO:root:Distancia(cm): 183.05
INFO:root:Enviando mensaje al broker...
INFO:root:¡Mensaje enviado!
INFO:root:Calculando distancia actual...
INFO:root:Distancia(cm): 182.65
INFO:root:Enviando mensaje al broker...
INFO:root:¡Mensaje enviado!
INFO:root:Calculando distancia actual...
INFO:root:Distancia(cm): 182.68
INFO:root:Enviando mensaje al broker...
INFO:root:¡Mensaje enviado!
INFO:root:Calculando distancia actual...
INFO:root:Distancia(cm): 183.51
INFO:root:Enviando mensaje al broker...
INFO:root:¡Mensaje enviado!
INFO:root:Calculando distancia actual...
INFO:root:Distancia(cm): 183.13
INFO:root:Enviando mensaje al broker...
INFO:root:¡Mensaje enviado!
INFO:root:Calculando distancia actual...
INFO:root:Distancia(cm): 183.37
INFO:root:Enviando mensaje al broker...
INFO:root:¡Mensaje enviado!
INFO:root:Calculando distancia actual...
INFO:root:Distancia(cm): 183.84
INFO:root:Enviando mensaje al broker...
INFO:root:¡Mensaje enviado!
INFO:root:Calculando distancia actual...
INFO:root:Distancia(cm): 183.98
INFO:root:Enviando mensaje al broker...
INFO:root:¡Mensaje enviado!
INFO:root:Calculando distancia actual...
INFO:root:Distancia(cm): 183.92
INFO:root:Enviando mensaje al broker...
INFO:root:¡Mensaje enviado!
INFO:root:Calculando distancia actual...
INFO:root:Distancia(cm): 183.56
INFO:root:Enviando mensaje al broker...
INFO:root:¡Mensaje enviado!
INFO:root:Calculando distancia actual...
INFO:root:Distancia(cm): 184.41
INFO:root:Enviando mensaje al broker...
INFO:root:¡Mensaje enviado!
INFO:root:Calculando distancia actual...
INFO:root:Distancia(cm): 183.1
INFO:root:Enviando mensaje al broker...
INFO:root:¡Mensaje enviado!
INFO:root:Calculando distancia actual...
INFO:root:Distancia(cm): 183.55
INFO:root:Enviando mensaje al broker...
INFO:root:¡Mensaje enviado!
INFO:root:Calculando distancia actual...
INFO:root:Distancia(cm): 182.73
INFO:root:Enviando mensaje al broker...
INFO:root:¡Mensaje enviado!
INFO:root:Calculando distancia actual...
INFO:root:Distancia(cm): 182.66
INFO:root:Enviando mensaje al broker...
INFO:root:¡Mensaje enviado!
INFO:root:Calculando distancia actual...
INFO:root:Distancia(cm): 183.16
INFO:root:Enviando mensaje al broker...
INFO:root:¡Mensaje enviado!
INFO:root:Calculando distancia actual...
INFO:root:Distancia(cm): 183.08
INFO:root:Enviando mensaje al broker...
INFO:root:¡Mensaje enviado!
INFO:root:Calculando distancia actual...
INFO:root:Distancia(cm): 182.68
INFO:root:Enviando mensaje al broker...
INFO:root:¡Mensaje enviado!
INFO:root:Calculando distancia actual...
INFO:root:Distancia(cm): 182.67
INFO:root:Enviando mensaje al broker...
INFO:root:¡Mensaje enviado!
INFO:root:Calculando distancia actual...
INFO:root:Distancia(cm): 183.12
INFO:root:Enviando mensaje al broker...
INFO:root:¡Mensaje enviado!
INFO:root:Calculando distancia actual...
INFO:root:Distancia(cm): 183.56
INFO:root:Enviando mensaje al broker...
INFO:root:¡Mensaje enviado!
INFO:root:Calculando distancia actual...
INFO:root:Distancia(cm): 183.53
INFO:root:Enviando mensaje al broker...
INFO:root:¡Mensaje enviado!
INFO:root:Calculando distancia actual...
INFO:root:Distancia(cm): 183.14
INFO:root:Enviando mensaje al broker...
INFO:root:¡Mensaje enviado!
INFO:root:Calculando distancia actual...
INFO:root:Distancia(cm): 183.43
INFO:root:Enviando mensaje al broker...
INFO:root:¡Mensaje enviado!
INFO:root:Calculando distancia actual...
INFO:root:Distancia(cm): 182.66
INFO:root:Enviando mensaje al broker...
INFO:root:¡Mensaje enviado!
INFO:root:Calculando distancia actual...
INFO:root:Distancia(cm): 182.67
INFO:root:Enviando mensaje al broker...
INFO:root:¡Mensaje enviado!
INFO:root:Calculando distancia actual...
INFO:root:Distancia(cm): 183.09
INFO:root:Enviando mensaje al broker...
INFO:root:¡Mensaje enviado!
INFO:root:Calculando distancia actual...
INFO:root:Distancia(cm): 183.09
INFO:root:Enviando mensaje al broker...
INFO:root:¡Mensaje enviado!
INFO:root:Calculando distancia actual...
INFO:root:Distancia(cm): 185.23
INFO:root:Enviando mensaje al broker...
INFO:root:¡Mensaje enviado!
INFO:root:Calculando distancia actual...
INFO:root:Distancia(cm): 182.59
INFO:root:Enviando mensaje al broker...
INFO:root:¡Mensaje enviado!
INFO:root:Calculando distancia actual...
INFO:root:Distancia(cm): 183.12
INFO:root:Enviando mensaje al broker...
INFO:root:¡Mensaje enviado!
INFO:root:Calculando distancia actual...
INFO:root:Distancia(cm): 182.57
INFO:root:Enviando mensaje al broker...
INFO:root:¡Mensaje enviado!
INFO:root:Calculando distancia actual...
INFO:root:Distancia(cm): 183.54
INFO:root:Enviando mensaje al broker...
INFO:root:¡Mensaje enviado!
INFO:root:Calculando distancia actual...
INFO:root:Distancia(cm): 183.44
INFO:root:Enviando mensaje al broker...
INFO:root:¡Mensaje enviado!
INFO:root:Calculando distancia actual...
INFO:root:Distancia(cm): 182.58
INFO:root:Enviando mensaje al broker...
INFO:root:¡Mensaje enviado!
INFO:root:Calculando distancia actual...
INFO:root:Distancia(cm): 183.62
INFO:root:Enviando mensaje al broker...
INFO:root:¡Mensaje enviado!
INFO:root:Calculando distancia actual...
INFO:root:Distancia(cm): 182.67
INFO:root:Enviando mensaje al broker...
INFO:root:¡Mensaje enviado!
INFO:root:Calculando distancia actual...
INFO:root:Distancia(cm): 182.7
INFO:root:Enviando mensaje al broker...
INFO:root:¡Mensaje enviado!
INFO:root:Calculando distancia actual...
INFO:root:Distancia(cm): 183.56
INFO:root:Enviando mensaje al broker...
INFO:root:¡Mensaje enviado!
INFO:root:Calculando distancia actual...
INFO:root:Distancia(cm): 183.88
INFO:root:Enviando mensaje al broker...
INFO:root:¡Mensaje enviado!
INFO:root:Calculando distancia actual...
INFO:root:Distancia(cm): 183.63
INFO:root:Enviando mensaje al broker...
INFO:root:¡Mensaje enviado!
INFO:root:Calculando distancia actual...
INFO:root:Distancia(cm): 184.82
INFO:root:Enviando mensaje al broker...
INFO:root:¡Mensaje enviado!
INFO:root:Calculando distancia actual...
INFO:root:Distancia(cm): 183.59
INFO:root:Enviando mensaje al broker...
INFO:root:¡Mensaje enviado!
INFO:root:Calculando distancia actual...
INFO:root:Distancia(cm): 182.74
INFO:root:Enviando mensaje al broker...
INFO:root:¡Mensaje enviado!
INFO:root:Calculando distancia actual...
INFO:root:Distancia(cm): 182.57
INFO:root:Enviando mensaje al broker...
INFO:root:¡Mensaje enviado!
INFO:root:Calculando distancia actual...
INFO:root:Distancia(cm): 182.67
INFO:root:Enviando mensaje al broker...
INFO:root:¡Mensaje enviado!
INFO:root:Calculando distancia actual...
INFO:root:Distancia(cm): 183.1
INFO:root:Enviando mensaje al broker...
INFO:root:¡Mensaje enviado!
INFO:root:Calculando distancia actual...
INFO:root:Distancia(cm): 182.65
INFO:root:Enviando mensaje al broker...
INFO:root:¡Mensaje enviado!
INFO:root:Calculando distancia actual...
INFO:root:Distancia(cm): 183.07
INFO:root:Enviando mensaje al broker...
INFO:root:¡Mensaje enviado!
INFO:root:Calculando distancia actual...
INFO:root:Distancia(cm): 183.51
INFO:root:Enviando mensaje al broker...
INFO:root:¡Mensaje enviado!
INFO:root:Calculando distancia actual...
INFO:root:Distancia(cm): 182.55
INFO:root:Enviando mensaje al broker...
INFO:root:¡Mensaje enviado!
INFO:root:Calculando distancia actual...
INFO:root:Distancia(cm): 183.43
INFO:root:Enviando mensaje al broker...
INFO:root:¡Mensaje enviado!
INFO:root:Calculando distancia actual...
INFO:root:Distancia(cm): 185.18
INFO:root:Enviando mensaje al broker...
INFO:root:¡Mensaje enviado!
INFO:root:Calculando distancia actual...
INFO:root:Distancia(cm): 183.09
INFO:root:Enviando mensaje al broker...
INFO:root:¡Mensaje enviado!
INFO:root:Calculando distancia actual...
INFO:root:Distancia(cm): 182.64
INFO:root:Enviando mensaje al broker...
INFO:root:¡Mensaje enviado!
INFO:root:Calculando distancia actual...
INFO:root:Distancia(cm): 183.21
INFO:root:Enviando mensaje al broker...
INFO:root:¡Mensaje enviado!
INFO:root:Calculando distancia actual...
INFO:root:Distancia(cm): 182.7
INFO:root:Enviando mensaje al broker...
INFO:root:¡Mensaje enviado!
INFO:root:Calculando distancia actual...
INFO:root:Distancia(cm): 182.7
INFO:root:Enviando mensaje al broker...
INFO:root:¡Mensaje enviado!
INFO:root:Calculando distancia actual...
INFO:root:Distancia(cm): 182.68
INFO:root:Enviando mensaje al broker...
INFO:root:¡Mensaje enviado!
INFO:root:Calculando distancia actual...
INFO:root:Distancia(cm): 183.59
INFO:root:Enviando mensaje al broker...
INFO:root:¡Mensaje enviado!
INFO:root:Calculando distancia actual...
INFO:root:Distancia(cm): 184.01
INFO:root:Enviando mensaje al broker...
INFO:root:¡Mensaje enviado!
INFO:root:Calculando distancia actual...
INFO:root:Distancia(cm): 183.54
INFO:root:Enviando mensaje al broker...
INFO:root:¡Mensaje enviado!
INFO:root:Calculando distancia actual...
INFO:root:Distancia(cm): 182.59
INFO:root:Enviando mensaje al broker...
INFO:root:¡Mensaje enviado!
INFO:root:Calculando distancia actual...
INFO:root:Distancia(cm): 183.01
INFO:root:Enviando mensaje al broker...
INFO:root:¡Mensaje enviado!
INFO:root:Calculando distancia actual...
INFO:root:Distancia(cm): 182.6
INFO:root:Enviando mensaje al broker...
INFO:root:¡Mensaje enviado!
INFO:root:Calculando distancia actual...
INFO:root:Distancia(cm): 182.59
INFO:root:Enviando mensaje al broker...
INFO:root:¡Mensaje enviado!
INFO:root:Calculando distancia actual...
INFO:root:Distancia(cm): 183.98
INFO:root:Enviando mensaje al broker...
INFO:root:¡Mensaje enviado!
INFO:root:Calculando distancia actual...
INFO:root:Distancia(cm): 182.7
INFO:root:Enviando mensaje al broker...
INFO:root:¡Mensaje enviado!
INFO:root:Calculando distancia actual...
INFO:root:Distancia(cm): 183.09
INFO:root:Enviando mensaje al broker...
INFO:root:¡Mensaje enviado!
INFO:root:Calculando distancia actual...
INFO:root:Distancia(cm): 184.85
INFO:root:Enviando mensaje al broker...
INFO:root:¡Mensaje enviado!
INFO:root:Calculando distancia actual...
INFO:root:Distancia(cm): 183.63
INFO:root:Enviando mensaje al broker...
INFO:root:¡Mensaje enviado!
INFO:root:Calculando distancia actual...
INFO:root:Distancia(cm): 183.12
INFO:root:Enviando mensaje al broker...
INFO:root:¡Mensaje enviado!
INFO:root:Calculando distancia actual...
INFO:root:Distancia(cm): 183.1
INFO:root:Enviando mensaje al broker...
INFO:root:¡Mensaje enviado!
INFO:root:Calculando distancia actual...
INFO:root:Distancia(cm): 183.07
INFO:root:Enviando mensaje al broker...
INFO:root:¡Mensaje enviado!
INFO:root:Calculando distancia actual...
INFO:root:Distancia(cm): 183.57
INFO:root:Enviando mensaje al broker...
INFO:root:¡Mensaje enviado!
INFO:root:Calculando distancia actual...
INFO:root:Distancia(cm): 183.03
INFO:root:Enviando mensaje al broker...
INFO:root:¡Mensaje enviado!
INFO:root:Calculando distancia actual...
INFO:root:Distancia(cm): 183.11
INFO:root:Enviando mensaje al broker...
INFO:root:¡Mensaje enviado!
INFO:root:Calculando distancia actual...
INFO:root:Distancia(cm): 182.71
INFO:root:Enviando mensaje al broker...
INFO:root:¡Mensaje enviado!
INFO:root:Calculando distancia actual...
INFO:root:Distancia(cm): 183.15
INFO:root:Enviando mensaje al broker...
INFO:root:¡Mensaje enviado!
INFO:root:Calculando distancia actual...
INFO:root:Distancia(cm): 183.11
INFO:root:Enviando mensaje al broker...
INFO:root:¡Mensaje enviado!
INFO:root:Calculando distancia actual...
INFO:root:Distancia(cm): 183.19
INFO:root:Enviando mensaje al broker...
INFO:root:¡Mensaje enviado!
INFO:root:Calculando distancia actual...
INFO:root:Distancia(cm): 182.75
INFO:root:Enviando mensaje al broker...
INFO:root:¡Mensaje enviado!
INFO:root:Calculando distancia actual...
INFO:root:Distancia(cm): 183.04
INFO:root:Enviando mensaje al broker...
INFO:root:¡Mensaje enviado!
INFO:root:Calculando distancia actual...
INFO:root:Distancia(cm): 183.62
INFO:root:Enviando mensaje al broker...
INFO:root:¡Mensaje enviado!
INFO:root:Calculando distancia actual...
INFO:root:Distancia(cm): 182.63
INFO:root:Enviando mensaje al broker...
INFO:root:¡Mensaje enviado!
INFO:root:Calculando distancia actual...
INFO:root:Distancia(cm): 183.54
INFO:root:Enviando mensaje al broker...
INFO:root:¡Mensaje enviado!
INFO:root:Calculando distancia actual...
INFO:root:Distancia(cm): 182.64
INFO:root:Enviando mensaje al broker...
INFO:root:¡Mensaje enviado!
INFO:root:Calculando distancia actual...
INFO:root:Distancia(cm): 183.93
INFO:root:Enviando mensaje al broker...
INFO:root:¡Mensaje enviado!
INFO:root:Calculando distancia actual...
INFO:root:Distancia(cm): 183.55
INFO:root:Enviando mensaje al broker...
INFO:root:¡Mensaje enviado!
INFO:root:Calculando distancia actual...
INFO:root:Distancia(cm): 184.4
INFO:root:Enviando mensaje al broker...
INFO:root:¡Mensaje enviado!
INFO:root:Calculando distancia actual...
INFO:root:Distancia(cm): 183.54
INFO:root:Enviando mensaje al broker...
INFO:root:¡Mensaje enviado!
INFO:root:Calculando distancia actual...
INFO:root:Distancia(cm): 183.89
INFO:root:Enviando mensaje al broker...
INFO:root:¡Mensaje enviado!
INFO:root:Calculando distancia actual...
INFO:root:Distancia(cm): 182.74
INFO:root:Enviando mensaje al broker...
INFO:root:¡Mensaje enviado!
INFO:root:Calculando distancia actual...
INFO:root:Distancia(cm): 183.16
INFO:root:Enviando mensaje al broker...
INFO:root:¡Mensaje enviado!
INFO:root:Calculando distancia actual...
INFO:root:Distancia(cm): 183.11
INFO:root:Enviando mensaje al broker...
INFO:root:¡Mensaje enviado!
INFO:root:Calculando distancia actual...
INFO:root:Distancia(cm): 184.93
INFO:root:Enviando mensaje al broker...
INFO:root:¡Mensaje enviado!
INFO:root:Calculando distancia actual...
INFO:root:Distancia(cm): 182.71
INFO:root:Enviando mensaje al broker...
INFO:root:¡Mensaje enviado!
INFO:root:Calculando distancia actual...
INFO:root:Distancia(cm): 182.72
INFO:root:Enviando mensaje al broker...
INFO:root:¡Mensaje enviado!
INFO:root:Calculando distancia actual...
INFO:root:Distancia(cm): 182.73
INFO:root:Enviando mensaje al broker...
INFO:root:¡Mensaje enviado!
INFO:root:Calculando distancia actual...
INFO:root:Distancia(cm): 183.45
INFO:root:Enviando mensaje al broker...
INFO:root:¡Mensaje enviado!
INFO:root:Calculando distancia actual...
INFO:root:Distancia(cm): 183.1
INFO:root:Enviando mensaje al broker...
INFO:root:¡Mensaje enviado!
INFO:root:Calculando distancia actual...
INFO:root:Distancia(cm): 183.25
INFO:root:Enviando mensaje al broker...
INFO:root:¡Mensaje enviado!
INFO:root:Calculando distancia actual...
INFO:root:Distancia(cm): 183.15
INFO:root:Enviando mensaje al broker...
INFO:root:¡Mensaje enviado!
INFO:root:Calculando distancia actual...
INFO:root:Distancia(cm): 182.69
INFO:root:Enviando mensaje al broker...
INFO:root:¡Mensaje enviado!
INFO:root:Calculando distancia actual...
INFO:root:Distancia(cm): 183.58
INFO:root:Enviando mensaje al broker...
INFO:root:¡Mensaje enviado!
INFO:root:Calculando distancia actual...
INFO:root:Distancia(cm): 183.09
INFO:root:Enviando mensaje al broker...
INFO:root:¡Mensaje enviado!
INFO:root:Calculando distancia actual...
INFO:root:Distancia(cm): 183.05
INFO:root:Enviando mensaje al broker...
INFO:root:¡Mensaje enviado!
INFO:root:Calculando distancia actual...
INFO:root:Distancia(cm): 183.07
INFO:root:Enviando mensaje al broker...
INFO:root:¡Mensaje enviado!
INFO:root:Calculando distancia actual...
INFO:root:Distancia(cm): 182.66
INFO:root:Enviando mensaje al broker...
INFO:root:¡Mensaje enviado!
INFO:root:Calculando distancia actual...
INFO:root:Distancia(cm): 182.63
INFO:root:Enviando mensaje al broker...
INFO:root:¡Mensaje enviado!
INFO:root:Calculando distancia actual...
INFO:root:Distancia(cm): 183.14
INFO:root:Enviando mensaje al broker...
INFO:root:¡Mensaje enviado!
INFO:root:Calculando distancia actual...
INFO:root:Distancia(cm): 183.2
INFO:root:Enviando mensaje al broker...
INFO:root:¡Mensaje enviado!
INFO:root:Calculando distancia actual...
INFO:root:Distancia(cm): 183.13
INFO:root:Enviando mensaje al broker...
INFO:root:¡Mensaje enviado!
INFO:root:Calculando distancia actual...
INFO:root:Distancia(cm): 183.03
INFO:root:Enviando mensaje al broker...
INFO:root:¡Mensaje enviado!
INFO:root:Calculando distancia actual...
INFO:root:Distancia(cm): 184.05
INFO:root:Enviando mensaje al broker...
INFO:root:¡Mensaje enviado!
INFO:root:Calculando distancia actual...
INFO:root:Distancia(cm): 184.4
INFO:root:Enviando mensaje al broker...
INFO:root:¡Mensaje enviado!
INFO:root:Calculando distancia actual...
INFO:root:Distancia(cm): 184.75
INFO:root:Enviando mensaje al broker...
INFO:root:¡Mensaje enviado!
INFO:root:Calculando distancia actual...
INFO:root:Distancia(cm): 183.15
INFO:root:Enviando mensaje al broker...
INFO:root:¡Mensaje enviado!
INFO:root:Calculando distancia actual...
INFO:root:Distancia(cm): 182.13
INFO:root:Enviando mensaje al broker...
INFO:root:¡Mensaje enviado!
INFO:root:Calculando distancia actual...
INFO:root:Distancia(cm): 182.64
INFO:root:Enviando mensaje al broker...
INFO:root:¡Mensaje enviado!
INFO:root:Calculando distancia actual...
INFO:root:Distancia(cm): 183.54
INFO:root:Enviando mensaje al broker...
INFO:root:¡Mensaje enviado!
INFO:root:Calculando distancia actual...
INFO:root:Distancia(cm): 185.25
INFO:root:Enviando mensaje al broker...
INFO:root:¡Mensaje enviado!
INFO:root:Calculando distancia actual...
INFO:root:Distancia(cm): 184.01
INFO:root:Enviando mensaje al broker...
INFO:root:¡Mensaje enviado!
INFO:root:Calculando distancia actual...
INFO:root:Distancia(cm): 183.13
INFO:root:Enviando mensaje al broker...
INFO:root:¡Mensaje enviado!
INFO:root:Calculando distancia actual...
INFO:root:Distancia(cm): 183.14
INFO:root:Enviando mensaje al broker...
INFO:root:¡Mensaje enviado!
INFO:root:Calculando distancia actual...
INFO:root:Distancia(cm): 183.18
INFO:root:Enviando mensaje al broker...
INFO:root:¡Mensaje enviado!
INFO:root:Calculando distancia actual...
INFO:root:Distancia(cm): 183.09
INFO:root:Enviando mensaje al broker...
INFO:root:¡Mensaje enviado!
INFO:root:Calculando distancia actual...
INFO:root:Distancia(cm): 183.14
INFO:root:Enviando mensaje al broker...
INFO:root:¡Mensaje enviado!
INFO:root:Calculando distancia actual...
INFO:root:Distancia(cm): 183.16
INFO:root:Enviando mensaje al broker...
INFO:root:¡Mensaje enviado!
INFO:root:Calculando distancia actual...
INFO:root:Distancia(cm): 183.58
INFO:root:Enviando mensaje al broker...
INFO:root:¡Mensaje enviado!
INFO:root:Calculando distancia actual...
INFO:root:Distancia(cm): 183.08
INFO:root:Enviando mensaje al broker...
INFO:root:¡Mensaje enviado!
INFO:root:Calculando distancia actual...
INFO:root:Distancia(cm): 183.48
INFO:root:Enviando mensaje al broker...
INFO:root:¡Mensaje enviado!
INFO:root:Calculando distancia actual...
INFO:root:Distancia(cm): 182.55
INFO:root:Enviando mensaje al broker...
INFO:root:¡Mensaje enviado!
INFO:root:Calculando distancia actual...
INFO:root:Distancia(cm): 183.07
INFO:root:Enviando mensaje al broker...
INFO:root:¡Mensaje enviado!
INFO:root:Calculando distancia actual...
INFO:root:Distancia(cm): 182.64
INFO:root:Enviando mensaje al broker...
INFO:root:¡Mensaje enviado!
INFO:root:Calculando distancia actual...
INFO:root:Distancia(cm): 182.68
INFO:root:Enviando mensaje al broker...
INFO:root:¡Mensaje enviado!
INFO:root:Calculando distancia actual...
INFO:root:Distancia(cm): 183.12
INFO:root:Enviando mensaje al broker...
INFO:root:¡Mensaje enviado!
INFO:root:Calculando distancia actual...
INFO:root:Distancia(cm): 182.56
INFO:root:Enviando mensaje al broker...
INFO:root:¡Mensaje enviado!
INFO:root:Calculando distancia actual...
INFO:root:Distancia(cm): 182.62
INFO:root:Enviando mensaje al broker...
INFO:root:¡Mensaje enviado!
INFO:root:Calculando distancia actual...
INFO:root:Distancia(cm): 182.74
INFO:root:Enviando mensaje al broker...
INFO:root:¡Mensaje enviado!
INFO:root:Calculando distancia actual...
INFO:root:Distancia(cm): 183.57
INFO:root:Enviando mensaje al broker...
INFO:root:¡Mensaje enviado!
INFO:root:Calculando distancia actual...
INFO:root:Distancia(cm): 182.76
INFO:root:Enviando mensaje al broker...
INFO:root:¡Mensaje enviado!
INFO:root:Calculando distancia actual...
INFO:root:Distancia(cm): 183.51
INFO:root:Enviando mensaje al broker...
INFO:root:¡Mensaje enviado!
INFO:root:Calculando distancia actual...
INFO:root:Distancia(cm): 182.7
INFO:root:Enviando mensaje al broker...
INFO:root:¡Mensaje enviado!
INFO:root:Calculando distancia actual...
INFO:root:Distancia(cm): 183.18
INFO:root:Enviando mensaje al broker...
INFO:root:¡Mensaje enviado!
INFO:root:Calculando distancia actual...
INFO:root:Distancia(cm): 183.57
INFO:root:Enviando mensaje al broker...
INFO:root:¡Mensaje enviado!
INFO:root:Calculando distancia actual...
INFO:root:Distancia(cm): 184.19
INFO:root:Enviando mensaje al broker...
INFO:root:¡Mensaje enviado!
INFO:root:Calculando distancia actual...
INFO:root:Distancia(cm): 183.08
INFO:root:Enviando mensaje al broker...
INFO:root:¡Mensaje enviado!
INFO:root:Calculando distancia actual...
INFO:root:Distancia(cm): 183.63
INFO:root:Enviando mensaje al broker...
INFO:root:¡Mensaje enviado!
INFO:root:Calculando distancia actual...
INFO:root:Distancia(cm): 183.98
INFO:root:Enviando mensaje al broker...
INFO:root:¡Mensaje enviado!
INFO:root:Calculando distancia actual...
INFO:root:Distancia(cm): 182.58
INFO:root:Enviando mensaje al broker...
INFO:root:¡Mensaje enviado!
INFO:root:Calculando distancia actual...
INFO:root:Distancia(cm): 183.42
INFO:root:Enviando mensaje al broker...
INFO:root:¡Mensaje enviado!
INFO:root:Calculando distancia actual...
INFO:root:Distancia(cm): 183.22
INFO:root:Enviando mensaje al broker...
INFO:root:¡Mensaje enviado!
INFO:root:Calculando distancia actual...
INFO:root:Distancia(cm): 183.99
INFO:root:Enviando mensaje al broker...
INFO:root:¡Mensaje enviado!
INFO:root:Calculando distancia actual...
INFO:root:Distancia(cm): 183.53
INFO:root:Enviando mensaje al broker...
INFO:root:¡Mensaje enviado!
INFO:root:Calculando distancia actual...
INFO:root:Distancia(cm): 182.61
INFO:root:Enviando mensaje al broker...
INFO:root:¡Mensaje enviado!
INFO:root:Calculando distancia actual...
INFO:root:Distancia(cm): 184.44
INFO:root:Enviando mensaje al broker...
INFO:root:¡Mensaje enviado!
INFO:root:Calculando distancia actual...
INFO:root:Distancia(cm): 182.77
INFO:root:Enviando mensaje al broker...
INFO:root:¡Mensaje enviado!
INFO:root:Calculando distancia actual...
INFO:root:Distancia(cm): 182.17
INFO:root:Enviando mensaje al broker...
INFO:root:¡Mensaje enviado!
INFO:root:Calculando distancia actual...
INFO:root:Distancia(cm): 183.09
INFO:root:Enviando mensaje al broker...
INFO:root:¡Mensaje enviado!
INFO:root:Calculando distancia actual...
INFO:root:Distancia(cm): 184.07
INFO:root:Enviando mensaje al broker...
INFO:root:¡Mensaje enviado!
INFO:root:Calculando distancia actual...
INFO:root:Distancia(cm): 181.93
INFO:root:Enviando mensaje al broker...
INFO:root:¡Mensaje enviado!
INFO:root:Calculando distancia actual...
INFO:root:Distancia(cm): 183.46
INFO:root:Enviando mensaje al broker...
INFO:root:¡Mensaje enviado!
INFO:root:Calculando distancia actual...
INFO:root:Distancia(cm): 182.66
INFO:root:Enviando mensaje al broker...
INFO:root:¡Mensaje enviado!
INFO:root:Calculando distancia actual...
INFO:root:Distancia(cm): 182.67
INFO:root:Enviando mensaje al broker...
INFO:root:¡Mensaje enviado!
INFO:root:Calculando distancia actual...
INFO:root:Distancia(cm): 183.16
INFO:root:Enviando mensaje al broker...
INFO:root:¡Mensaje enviado!
INFO:root:Calculando distancia actual...
INFO:root:Distancia(cm): 183.57
INFO:root:Enviando mensaje al broker...
INFO:root:¡Mensaje enviado!
INFO:root:Calculando distancia actual...
INFO:root:Distancia(cm): 183.11
INFO:root:Enviando mensaje al broker...
INFO:root:¡Mensaje enviado!
INFO:root:Calculando distancia actual...
INFO:root:Distancia(cm): 183.07
INFO:root:Enviando mensaje al broker...
INFO:root:¡Mensaje enviado!
INFO:root:Calculando distancia actual...
INFO:root:Distancia(cm): 183.55
INFO:root:Enviando mensaje al broker...
INFO:root:¡Mensaje enviado!
INFO:root:Calculando distancia actual...
INFO:root:Distancia(cm): 182.56
INFO:root:Enviando mensaje al broker...
INFO:root:¡Mensaje enviado!
INFO:root:Calculando distancia actual...
INFO:root:Distancia(cm): 182.66
INFO:root:Enviando mensaje al broker...
INFO:root:¡Mensaje enviado!
INFO:root:Calculando distancia actual...
INFO:root:Distancia(cm): 183.91
INFO:root:Enviando mensaje al broker...
INFO:root:¡Mensaje enviado!
INFO:root:Calculando distancia actual...
INFO:root:Distancia(cm): 183.08
INFO:root:Enviando mensaje al broker...
INFO:root:¡Mensaje enviado!
INFO:root:Calculando distancia actual...
INFO:root:Distancia(cm): 183.46
INFO:root:Enviando mensaje al broker...
INFO:root:¡Mensaje enviado!
INFO:root:Calculando distancia actual...
INFO:root:Distancia(cm): 183.03
INFO:root:Enviando mensaje al broker...
INFO:root:¡Mensaje enviado!
INFO:root:Calculando distancia actual...
INFO:root:Distancia(cm): 183.51
INFO:root:Enviando mensaje al broker...
INFO:root:¡Mensaje enviado!
INFO:root:Calculando distancia actual...
INFO:root:Distancia(cm): 183.11
INFO:root:Enviando mensaje al broker...
INFO:root:¡Mensaje enviado!
INFO:root:Calculando distancia actual...
INFO:root:Distancia(cm): 182.75
INFO:root:Enviando mensaje al broker...
INFO:root:¡Mensaje enviado!
INFO:root:Calculando distancia actual...
INFO:root:Distancia(cm): 129.35
INFO:root:Enviando mensaje al broker...
INFO:root:¡Mensaje enviado!
INFO:root:Calculando distancia actual...
INFO:root:Distancia(cm): 182.72
INFO:root:Enviando mensaje al broker...
INFO:root:¡Mensaje enviado!
INFO:root:Calculando distancia actual...
INFO:root:Distancia(cm): 184.4
INFO:root:Enviando mensaje al broker...
INFO:root:¡Mensaje enviado!
INFO:root:Calculando distancia actual...
INFO:root:Distancia(cm): 183.14
INFO:root:Enviando mensaje al broker...
INFO:root:¡Mensaje enviado!
INFO:root:Calculando distancia actual...
INFO:root:Distancia(cm): 182.61
INFO:root:Enviando mensaje al broker...
INFO:root:¡Mensaje enviado!
INFO:root:Calculando distancia actual...
INFO:root:Distancia(cm): 182.68
INFO:root:Enviando mensaje al broker...
INFO:root:¡Mensaje enviado!
INFO:root:Calculando distancia actual...
INFO:root:Distancia(cm): 183.5
INFO:root:Enviando mensaje al broker...
INFO:root:¡Mensaje enviado!
INFO:root:Calculando distancia actual...
INFO:root:Distancia(cm): 183.98
INFO:root:Enviando mensaje al broker...
INFO:root:¡Mensaje enviado!
INFO:root:Calculando distancia actual...
INFO:root:Distancia(cm): 183.05
INFO:root:Enviando mensaje al broker...
INFO:root:¡Mensaje enviado!
INFO:root:Calculando distancia actual...
INFO:root:Distancia(cm): 183.51
INFO:root:Enviando mensaje al broker...
INFO:root:¡Mensaje enviado!
INFO:root:Calculando distancia actual...
INFO:root:Distancia(cm): 183.48
INFO:root:Enviando mensaje al broker...
INFO:root:¡Mensaje enviado!
INFO:root:Calculando distancia actual...
INFO:root:Distancia(cm): 183.48
INFO:root:Enviando mensaje al broker...
INFO:root:¡Mensaje enviado!
INFO:root:Calculando distancia actual...
INFO:root:Distancia(cm): 182.74
INFO:root:Enviando mensaje al broker...
INFO:root:¡Mensaje enviado!
INFO:root:Calculando distancia actual...
INFO:root:Distancia(cm): 183.96
INFO:root:Enviando mensaje al broker...
INFO:root:¡Mensaje enviado!
INFO:root:Calculando distancia actual...
INFO:root:Distancia(cm): 183.13
INFO:root:Enviando mensaje al broker...
INFO:root:¡Mensaje enviado!
INFO:root:Calculando distancia actual...
INFO:root:Distancia(cm): 183.56
INFO:root:Enviando mensaje al broker...
INFO:root:¡Mensaje enviado!
INFO:root:Calculando distancia actual...
INFO:root:Distancia(cm): 184.37
INFO:root:Enviando mensaje al broker...
INFO:root:¡Mensaje enviado!
INFO:root:Calculando distancia actual...
INFO:root:Distancia(cm): 183.59
INFO:root:Enviando mensaje al broker...
INFO:root:¡Mensaje enviado!
INFO:root:Calculando distancia actual...
INFO:root:Distancia(cm): 182.2
INFO:root:Enviando mensaje al broker...
INFO:root:¡Mensaje enviado!
INFO:root:Calculando distancia actual...
INFO:root:Distancia(cm): 182.76
INFO:root:Enviando mensaje al broker...
INFO:root:¡Mensaje enviado!
INFO:root:Calculando distancia actual...
INFO:root:Distancia(cm): 183.13
INFO:root:Enviando mensaje al broker...
INFO:root:¡Mensaje enviado!
INFO:root:Calculando distancia actual...
INFO:root:Distancia(cm): 182.77
INFO:root:Enviando mensaje al broker...
INFO:root:¡Mensaje enviado!
INFO:root:Calculando distancia actual...
INFO:root:Distancia(cm): 183.11
INFO:root:Enviando mensaje al broker...
INFO:root:¡Mensaje enviado!
INFO:root:Calculando distancia actual...
INFO:root:Distancia(cm): 182.99
INFO:root:Enviando mensaje al broker...
INFO:root:¡Mensaje enviado!
INFO:root:Calculando distancia actual...
INFO:root:Distancia(cm): 183.09
INFO:root:Enviando mensaje al broker...
INFO:root:¡Mensaje enviado!
INFO:root:Calculando distancia actual...
INFO:root:Distancia(cm): 183.09
INFO:root:Enviando mensaje al broker...
INFO:root:¡Mensaje enviado!
INFO:root:Calculando distancia actual...
INFO:root:Distancia(cm): 182.65
INFO:root:Enviando mensaje al broker...
INFO:root:¡Mensaje enviado!
INFO:root:Calculando distancia actual...
INFO:root:Distancia(cm): 182.67
INFO:root:Enviando mensaje al broker...
INFO:root:¡Mensaje enviado!
INFO:root:Calculando distancia actual...
INFO:root:Distancia(cm): 182.65
INFO:root:Enviando mensaje al broker...
INFO:root:¡Mensaje enviado!
INFO:root:Calculando distancia actual...
INFO:root:Distancia(cm): 182.63
INFO:root:Enviando mensaje al broker...
INFO:root:¡Mensaje enviado!
INFO:root:Calculando distancia actual...
INFO:root:Distancia(cm): 184.02
INFO:root:Enviando mensaje al broker...
INFO:root:¡Mensaje enviado!
INFO:root:Calculando distancia actual...
INFO:root:Distancia(cm): 183.43
INFO:root:Enviando mensaje al broker...
INFO:root:¡Mensaje enviado!
INFO:root:Calculando distancia actual...
INFO:root:Distancia(cm): 183.44
INFO:root:Enviando mensaje al broker...
INFO:root:¡Mensaje enviado!
INFO:root:Calculando distancia actual...
INFO:root:Distancia(cm): 183.53
INFO:root:Enviando mensaje al broker...
INFO:root:¡Mensaje enviado!
INFO:root:Calculando distancia actual...
INFO:root:Distancia(cm): 183.01
INFO:root:Enviando mensaje al broker...
INFO:root:¡Mensaje enviado!
INFO:root:Calculando distancia actual...
INFO:root:Distancia(cm): 183.5
INFO:root:Enviando mensaje al broker...
INFO:root:¡Mensaje enviado!
INFO:root:Calculando distancia actual...
INFO:root:Distancia(cm): 184.36
INFO:root:Enviando mensaje al broker...
INFO:root:¡Mensaje enviado!
INFO:root:Calculando distancia actual...
INFO:root:Distancia(cm): 182.59
INFO:root:Enviando mensaje al broker...
INFO:root:¡Mensaje enviado!
INFO:root:Calculando distancia actual...
INFO:root:Distancia(cm): 182.62
INFO:root:Enviando mensaje al broker...
INFO:root:¡Mensaje enviado!
INFO:root:Calculando distancia actual...
INFO:root:Distancia(cm): 184.4
INFO:root:Enviando mensaje al broker...
INFO:root:¡Mensaje enviado!
INFO:root:Calculando distancia actual...
INFO:root:Distancia(cm): 183.54
INFO:root:Enviando mensaje al broker...
INFO:root:¡Mensaje enviado!
INFO:root:Calculando distancia actual...
INFO:root:Distancia(cm): 183.57
INFO:root:Enviando mensaje al broker...
INFO:root:¡Mensaje enviado!
INFO:root:Calculando distancia actual...
INFO:root:Distancia(cm): 183.17
INFO:root:Enviando mensaje al broker...
INFO:root:¡Mensaje enviado!
INFO:root:Calculando distancia actual...
INFO:root:Distancia(cm): 179.4
INFO:root:Enviando mensaje al broker...
INFO:root:¡Mensaje enviado!
INFO:root:Calculando distancia actual...
INFO:root:Distancia(cm): 183.57
INFO:root:Enviando mensaje al broker...
INFO:root:¡Mensaje enviado!
INFO:root:Calculando distancia actual...
INFO:root:Distancia(cm): 182.81
INFO:root:Enviando mensaje al broker...
INFO:root:¡Mensaje enviado!
INFO:root:Calculando distancia actual...
INFO:root:Distancia(cm): 182.58
INFO:root:Enviando mensaje al broker...
INFO:root:¡Mensaje enviado!
INFO:root:Calculando distancia actual...
INFO:root:Distancia(cm): 184.83
INFO:root:Enviando mensaje al broker...
INFO:root:¡Mensaje enviado!
INFO:root:Calculando distancia actual...
INFO:root:Distancia(cm): 183.49
INFO:root:Enviando mensaje al broker...
INFO:root:¡Mensaje enviado!
INFO:root:Calculando distancia actual...
INFO:root:Distancia(cm): 183.18
INFO:root:Enviando mensaje al broker...
INFO:root:¡Mensaje enviado!
INFO:root:Calculando distancia actual...
INFO:root:Distancia(cm): 182.75
INFO:root:Enviando mensaje al broker...
INFO:root:¡Mensaje enviado!
INFO:root:Calculando distancia actual...
INFO:root:Distancia(cm): 182.55
INFO:root:Enviando mensaje al broker...
INFO:root:¡Mensaje enviado!
INFO:root:Calculando distancia actual...
INFO:root:Distancia(cm): 183.07
INFO:root:Enviando mensaje al broker...
INFO:root:¡Mensaje enviado!
INFO:root:Calculando distancia actual...
INFO:root:Distancia(cm): 182.74
INFO:root:Enviando mensaje al broker...
INFO:root:¡Mensaje enviado!
INFO:root:Calculando distancia actual...
INFO:root:Distancia(cm): 185.26
INFO:root:Enviando mensaje al broker...
INFO:root:¡Mensaje enviado!
INFO:root:Calculando distancia actual...
INFO:root:Distancia(cm): 184.28
INFO:root:Enviando mensaje al broker...
INFO:root:¡Mensaje enviado!
INFO:root:Calculando distancia actual...
INFO:root:Distancia(cm): 183.09
INFO:root:Enviando mensaje al broker...
INFO:root:¡Mensaje enviado!
INFO:root:Calculando distancia actual...
INFO:root:Distancia(cm): 182.65
INFO:root:Enviando mensaje al broker...
INFO:root:¡Mensaje enviado!
INFO:root:Calculando distancia actual...
INFO:root:Distancia(cm): 183.12
INFO:root:Enviando mensaje al broker...
INFO:root:¡Mensaje enviado!
INFO:root:Calculando distancia actual...
INFO:root:Distancia(cm): 182.74
INFO:root:Enviando mensaje al broker...
INFO:root:¡Mensaje enviado!
INFO:root:Calculando distancia actual...
INFO:root:Distancia(cm): 183.58
INFO:root:Enviando mensaje al broker...
INFO:root:¡Mensaje enviado!
INFO:root:Calculando distancia actual...
INFO:root:Distancia(cm): 183.17
INFO:root:Enviando mensaje al broker...
INFO:root:¡Mensaje enviado!
INFO:root:Calculando distancia actual...
INFO:root:Distancia(cm): 182.6
INFO:root:Enviando mensaje al broker...
INFO:root:¡Mensaje enviado!
INFO:root:Calculando distancia actual...
INFO:root:Distancia(cm): 183.5
INFO:root:Enviando mensaje al broker...
INFO:root:¡Mensaje enviado!
INFO:root:Calculando distancia actual...
INFO:root:Distancia(cm): 183.59
INFO:root:Enviando mensaje al broker...
INFO:root:¡Mensaje enviado!
INFO:root:Calculando distancia actual...
INFO:root:Distancia(cm): 183.5
INFO:root:Enviando mensaje al broker...
INFO:root:¡Mensaje enviado!
INFO:root:Calculando distancia actual...
INFO:root:Distancia(cm): 182.67
INFO:root:Enviando mensaje al broker...
INFO:root:¡Mensaje enviado!
INFO:root:Calculando distancia actual...
INFO:root:Distancia(cm): 183.54
INFO:root:Enviando mensaje al broker...
INFO:root:¡Mensaje enviado!
INFO:root:Calculando distancia actual...
INFO:root:Distancia(cm): 182.66
INFO:root:Enviando mensaje al broker...
INFO:root:¡Mensaje enviado!
INFO:root:Calculando distancia actual...
INFO:root:Distancia(cm): 183.57
INFO:root:Enviando mensaje al broker...
INFO:root:¡Mensaje enviado!
INFO:root:Calculando distancia actual...
INFO:root:Distancia(cm): 183.12
INFO:root:Enviando mensaje al broker...
INFO:root:¡Mensaje enviado!
INFO:root:Calculando distancia actual...
INFO:root:Distancia(cm): 183.63
INFO:root:Enviando mensaje al broker...
INFO:root:¡Mensaje enviado!
INFO:root:Calculando distancia actual...
INFO:root:Distancia(cm): 182.75
INFO:root:Enviando mensaje al broker...
INFO:root:¡Mensaje enviado!
INFO:root:Calculando distancia actual...
INFO:root:Distancia(cm): 183.54
INFO:root:Enviando mensaje al broker...
INFO:root:¡Mensaje enviado!
INFO:root:Calculando distancia actual...
INFO:root:Distancia(cm): 183.98
INFO:root:Enviando mensaje al broker...
INFO:root:¡Mensaje enviado!
INFO:root:Calculando distancia actual...
INFO:root:Distancia(cm): 183.6
INFO:root:Enviando mensaje al broker...
INFO:root:¡Mensaje enviado!
INFO:root:Calculando distancia actual...
INFO:root:Distancia(cm): 183.55
INFO:root:Enviando mensaje al broker...
INFO:root:¡Mensaje enviado!
INFO:root:Calculando distancia actual...
INFO:root:Distancia(cm): 183.17
INFO:root:Enviando mensaje al broker...
INFO:root:¡Mensaje enviado!
INFO:root:Calculando distancia actual...
INFO:root:Distancia(cm): 183.46
INFO:root:Enviando mensaje al broker...
INFO:root:¡Mensaje enviado!
INFO:root:Calculando distancia actual...
INFO:root:Distancia(cm): 183.98
INFO:root:Enviando mensaje al broker...
INFO:root:¡Mensaje enviado!
INFO:root:Calculando distancia actual...
INFO:root:Distancia(cm): 183.14
INFO:root:Enviando mensaje al broker...
INFO:root:¡Mensaje enviado!
INFO:root:Calculando distancia actual...
INFO:root:Distancia(cm): 183.03
INFO:root:Enviando mensaje al broker...
INFO:root:¡Mensaje enviado!
INFO:root:Calculando distancia actual...
INFO:root:Distancia(cm): 183.48
INFO:root:Enviando mensaje al broker...
INFO:root:¡Mensaje enviado!
INFO:root:Calculando distancia actual...
INFO:root:Distancia(cm): 182.69
INFO:root:Enviando mensaje al broker...
INFO:root:¡Mensaje enviado!
INFO:root:Calculando distancia actual...
INFO:root:Distancia(cm): 182.56
INFO:root:Enviando mensaje al broker...
INFO:root:¡Mensaje enviado!
INFO:root:Calculando distancia actual...
INFO:root:Distancia(cm): 182.75
INFO:root:Enviando mensaje al broker...
INFO:root:¡Mensaje enviado!
INFO:root:Calculando distancia actual...
INFO:root:Distancia(cm): 182.67
INFO:root:Enviando mensaje al broker...
INFO:root:¡Mensaje enviado!
INFO:root:Calculando distancia actual...
INFO:root:Distancia(cm): 182.73
INFO:root:Enviando mensaje al broker...
INFO:root:¡Mensaje enviado!
INFO:root:Calculando distancia actual...
INFO:root:Distancia(cm): 183.95
INFO:root:Enviando mensaje al broker...
INFO:root:¡Mensaje enviado!
INFO:root:Calculando distancia actual...
INFO:root:Distancia(cm): 182.97
INFO:root:Enviando mensaje al broker...
INFO:root:¡Mensaje enviado!
INFO:root:Calculando distancia actual...
INFO:root:Distancia(cm): 182.58
INFO:root:Enviando mensaje al broker...
INFO:root:¡Mensaje enviado!
INFO:root:Calculando distancia actual...
INFO:root:Distancia(cm): 183.53
INFO:root:Enviando mensaje al broker...
INFO:root:¡Mensaje enviado!
INFO:root:Calculando distancia actual...
INFO:root:Distancia(cm): 183.59
INFO:root:Enviando mensaje al broker...
INFO:root:¡Mensaje enviado!
INFO:root:Calculando distancia actual...
INFO:root:Distancia(cm): 183.64
INFO:root:Enviando mensaje al broker...
INFO:root:¡Mensaje enviado!
INFO:root:Calculando distancia actual...
INFO:root:Distancia(cm): 183.95
INFO:root:Enviando mensaje al broker...
INFO:root:¡Mensaje enviado!
INFO:root:Calculando distancia actual...
INFO:root:Distancia(cm): 183.53
INFO:root:Enviando mensaje al broker...
INFO:root:¡Mensaje enviado!
INFO:root:Calculando distancia actual...
INFO:root:Distancia(cm): 182.56
INFO:root:Enviando mensaje al broker...
INFO:root:¡Mensaje enviado!
INFO:root:Calculando distancia actual...
INFO:root:Distancia(cm): 183.1
INFO:root:Enviando mensaje al broker...
INFO:root:¡Mensaje enviado!
INFO:root:Calculando distancia actual...
INFO:root:Distancia(cm): 182.61
INFO:root:Enviando mensaje al broker...
INFO:root:¡Mensaje enviado!
INFO:root:Calculando distancia actual...
INFO:root:Distancia(cm): 182.7
INFO:root:Enviando mensaje al broker...
INFO:root:¡Mensaje enviado!
INFO:root:Calculando distancia actual...
INFO:root:Distancia(cm): 183.1
INFO:root:Enviando mensaje al broker...
INFO:root:¡Mensaje enviado!
INFO:root:Calculando distancia actual...
INFO:root:Distancia(cm): 183.5
INFO:root:Enviando mensaje al broker...
INFO:root:¡Mensaje enviado!
INFO:root:Calculando distancia actual...
INFO:root:Distancia(cm): 182.68
INFO:root:Enviando mensaje al broker...
INFO:root:¡Mensaje enviado!
INFO:root:Calculando distancia actual...
INFO:root:Distancia(cm): 183.53
INFO:root:Enviando mensaje al broker...
INFO:root:¡Mensaje enviado!
INFO:root:Calculando distancia actual...
INFO:root:Distancia(cm): 183.48
INFO:root:Enviando mensaje al broker...
INFO:root:¡Mensaje enviado!
INFO:root:Calculando distancia actual...
INFO:root:Distancia(cm): 182.67
INFO:root:Enviando mensaje al broker...
INFO:root:¡Mensaje enviado!
INFO:root:Calculando distancia actual...
INFO:root:Distancia(cm): 182.69
INFO:root:Enviando mensaje al broker...
INFO:root:¡Mensaje enviado!
INFO:root:Calculando distancia actual...
INFO:root:Distancia(cm): 183.11
INFO:root:Enviando mensaje al broker...
INFO:root:¡Mensaje enviado!
INFO:root:Calculando distancia actual...
INFO:root:Distancia(cm): 183.64
INFO:root:Enviando mensaje al broker...
INFO:root:¡Mensaje enviado!
INFO:root:Calculando distancia actual...
INFO:root:Distancia(cm): 182.69
INFO:root:Enviando mensaje al broker...
INFO:root:¡Mensaje enviado!
INFO:root:Calculando distancia actual...
INFO:root:Distancia(cm): 183.07
INFO:root:Enviando mensaje al broker...
INFO:root:¡Mensaje enviado!
INFO:root:Calculando distancia actual...
INFO:root:Distancia(cm): 183.97
INFO:root:Enviando mensaje al broker...
INFO:root:¡Mensaje enviado!
INFO:root:Calculando distancia actual...
INFO:root:Distancia(cm): 182.63
INFO:root:Enviando mensaje al broker...
INFO:root:¡Mensaje enviado!
INFO:root:Calculando distancia actual...
INFO:root:Distancia(cm): 183.48
INFO:root:Enviando mensaje al broker...
INFO:root:¡Mensaje enviado!
INFO:root:Calculando distancia actual...
INFO:root:Distancia(cm): 182.68
INFO:root:Enviando mensaje al broker...
INFO:root:¡Mensaje enviado!
INFO:root:Calculando distancia actual...
INFO:root:Distancia(cm): 184.92
INFO:root:Enviando mensaje al broker...
INFO:root:¡Mensaje enviado!
INFO:root:Calculando distancia actual...
INFO:root:Distancia(cm): 182.61
INFO:root:Enviando mensaje al broker...
INFO:root:¡Mensaje enviado!
INFO:root:Calculando distancia actual...
INFO:root:Distancia(cm): 183.49
INFO:root:Enviando mensaje al broker...
INFO:root:¡Mensaje enviado!
INFO:root:Calculando distancia actual...
INFO:root:Distancia(cm): 184.37
INFO:root:Enviando mensaje al broker...
INFO:root:¡Mensaje enviado!
INFO:root:Calculando distancia actual...
INFO:root:Distancia(cm): 182.65
INFO:root:Enviando mensaje al broker...
INFO:root:¡Mensaje enviado!
INFO:root:Calculando distancia actual...
INFO:root:Distancia(cm): 182.61
INFO:root:Enviando mensaje al broker...
INFO:root:¡Mensaje enviado!
INFO:root:Calculando distancia actual...
INFO:root:Distancia(cm): 183.1
INFO:root:Enviando mensaje al broker...
INFO:root:¡Mensaje enviado!
INFO:root:Calculando distancia actual...
INFO:root:Distancia(cm): 183.13
INFO:root:Enviando mensaje al broker...
INFO:root:¡Mensaje enviado!
INFO:root:Calculando distancia actual...
INFO:root:Distancia(cm): 183.11
INFO:root:Enviando mensaje al broker...
INFO:root:¡Mensaje enviado!
INFO:root:Calculando distancia actual...
INFO:root:Distancia(cm): 183.04
INFO:root:Enviando mensaje al broker...
INFO:root:¡Mensaje enviado!
INFO:root:Calculando distancia actual...
INFO:root:Distancia(cm): 182.56
INFO:root:Enviando mensaje al broker...
INFO:root:¡Mensaje enviado!
INFO:root:Calculando distancia actual...
INFO:root:Distancia(cm): 183.51
INFO:root:Enviando mensaje al broker...
INFO:root:¡Mensaje enviado!
INFO:root:Calculando distancia actual...
INFO:root:Distancia(cm): 183.07
INFO:root:Enviando mensaje al broker...
INFO:root:¡Mensaje enviado!
INFO:root:Calculando distancia actual...
INFO:root:Distancia(cm): 183.51
INFO:root:Enviando mensaje al broker...
INFO:root:¡Mensaje enviado!
INFO:root:Calculando distancia actual...
INFO:root:Distancia(cm): 183.46
INFO:root:Enviando mensaje al broker...
INFO:root:¡Mensaje enviado!
INFO:root:Calculando distancia actual...
INFO:root:Distancia(cm): 183.1
INFO:root:Enviando mensaje al broker...
INFO:root:¡Mensaje enviado!
INFO:root:Calculando distancia actual...
INFO:root:Distancia(cm): 183.16
INFO:root:Enviando mensaje al broker...
INFO:root:¡Mensaje enviado!
INFO:root:Calculando distancia actual...
INFO:root:Distancia(cm): 183.11
INFO:root:Enviando mensaje al broker...
INFO:root:¡Mensaje enviado!
INFO:root:Calculando distancia actual...
INFO:root:Distancia(cm): 185.71
INFO:root:Enviando mensaje al broker...
INFO:root:¡Mensaje enviado!
INFO:root:Calculando distancia actual...
INFO:root:Distancia(cm): 182.58
INFO:root:Enviando mensaje al broker...
INFO:root:¡Mensaje enviado!
INFO:root:Calculando distancia actual...
INFO:root:Distancia(cm): 182.6
INFO:root:Enviando mensaje al broker...
INFO:root:¡Mensaje enviado!
INFO:root:Calculando distancia actual...
INFO:root:Distancia(cm): 182.63
INFO:root:Enviando mensaje al broker...
INFO:root:¡Mensaje enviado!
INFO:root:Calculando distancia actual...
INFO:root:Distancia(cm): 182.57
INFO:root:Enviando mensaje al broker...
INFO:root:¡Mensaje enviado!
INFO:root:Calculando distancia actual...
INFO:root:Distancia(cm): 182.65
INFO:root:Enviando mensaje al broker...
INFO:root:¡Mensaje enviado!
INFO:root:Calculando distancia actual...
INFO:root:Distancia(cm): 183.81
INFO:root:Enviando mensaje al broker...
INFO:root:¡Mensaje enviado!
INFO:root:Calculando distancia actual...
INFO:root:Distancia(cm): 183.95
INFO:root:Enviando mensaje al broker...
INFO:root:¡Mensaje enviado!
INFO:root:Calculando distancia actual...
INFO:root:Distancia(cm): 182.55
INFO:root:Enviando mensaje al broker...
INFO:root:¡Mensaje enviado!
INFO:root:Calculando distancia actual...
INFO:root:Distancia(cm): 183.56
INFO:root:Enviando mensaje al broker...
INFO:root:¡Mensaje enviado!
INFO:root:Calculando distancia actual...
INFO:root:Distancia(cm): 183.17
INFO:root:Enviando mensaje al broker...
INFO:root:¡Mensaje enviado!
INFO:root:Calculando distancia actual...
INFO:root:Distancia(cm): 183.08
INFO:root:Enviando mensaje al broker...
INFO:root:¡Mensaje enviado!
INFO:root:Calculando distancia actual...
INFO:root:Distancia(cm): 182.55
INFO:root:Enviando mensaje al broker...
INFO:root:¡Mensaje enviado!
INFO:root:Calculando distancia actual...
INFO:root:Distancia(cm): 183.06
INFO:root:Enviando mensaje al broker...
INFO:root:¡Mensaje enviado!
INFO:root:Calculando distancia actual...
INFO:root:Distancia(cm): 183.57
INFO:root:Enviando mensaje al broker...
INFO:root:¡Mensaje enviado!
INFO:root:Calculando distancia actual...
INFO:root:Distancia(cm): 183.58
INFO:root:Enviando mensaje al broker...
INFO:root:¡Mensaje enviado!
INFO:root:Calculando distancia actual...
INFO:root:Distancia(cm): 183.12
INFO:root:Enviando mensaje al broker...
INFO:root:¡Mensaje enviado!
INFO:root:Calculando distancia actual...
INFO:root:Distancia(cm): 183.11
INFO:root:Enviando mensaje al broker...
INFO:root:¡Mensaje enviado!
INFO:root:Calculando distancia actual...
INFO:root:Distancia(cm): 183.12
INFO:root:Enviando mensaje al broker...
INFO:root:¡Mensaje enviado!
INFO:root:Calculando distancia actual...
INFO:root:Distancia(cm): 184.36
INFO:root:Enviando mensaje al broker...
INFO:root:¡Mensaje enviado!
INFO:root:Calculando distancia actual...
INFO:root:Distancia(cm): 182.93
INFO:root:Enviando mensaje al broker...
INFO:root:¡Mensaje enviado!
INFO:root:Calculando distancia actual...
INFO:root:Distancia(cm): 183.1
INFO:root:Enviando mensaje al broker...
INFO:root:¡Mensaje enviado!
INFO:root:Calculando distancia actual...
INFO:root:Distancia(cm): 182.65
INFO:root:Enviando mensaje al broker...
INFO:root:¡Mensaje enviado!
INFO:root:Calculando distancia actual...
INFO:root:Distancia(cm): 183.11
INFO:root:Enviando mensaje al broker...
INFO:root:¡Mensaje enviado!
INFO:root:Calculando distancia actual...
INFO:root:Distancia(cm): 183.12
INFO:root:Enviando mensaje al broker...
INFO:root:¡Mensaje enviado!
INFO:root:Calculando distancia actual...
INFO:root:Distancia(cm): 183.46
INFO:root:Enviando mensaje al broker...
INFO:root:¡Mensaje enviado!
INFO:root:Calculando distancia actual...
INFO:root:Distancia(cm): 183.16
INFO:root:Enviando mensaje al broker...
INFO:root:¡Mensaje enviado!
INFO:root:Calculando distancia actual...
INFO:root:Distancia(cm): 182.65
INFO:root:Enviando mensaje al broker...
INFO:root:¡Mensaje enviado!
INFO:root:Calculando distancia actual...
INFO:root:Distancia(cm): 183.13
INFO:root:Enviando mensaje al broker...
INFO:root:¡Mensaje enviado!
INFO:root:Calculando distancia actual...
INFO:root:Distancia(cm): 183.52
INFO:root:Enviando mensaje al broker...
INFO:root:¡Mensaje enviado!
INFO:root:Calculando distancia actual...
INFO:root:Distancia(cm): 183.12
INFO:root:Enviando mensaje al broker...
INFO:root:¡Mensaje enviado!
INFO:root:Calculando distancia actual...
INFO:root:Distancia(cm): 183.02
INFO:root:Enviando mensaje al broker...
INFO:root:¡Mensaje enviado!
INFO:root:Calculando distancia actual...
INFO:root:Distancia(cm): 184.02
INFO:root:Enviando mensaje al broker...
INFO:root:¡Mensaje enviado!
INFO:root:Calculando distancia actual...
INFO:root:Distancia(cm): 183.08
INFO:root:Enviando mensaje al broker...
INFO:root:¡Mensaje enviado!
INFO:root:Calculando distancia actual...
INFO:root:Distancia(cm): 183.03
INFO:root:Enviando mensaje al broker...
INFO:root:¡Mensaje enviado!
INFO:root:Calculando distancia actual...
INFO:root:Distancia(cm): 182.61
INFO:root:Enviando mensaje al broker...
INFO:root:¡Mensaje enviado!
INFO:root:Calculando distancia actual...
INFO:root:Distancia(cm): 183.2
INFO:root:Enviando mensaje al broker...
INFO:root:¡Mensaje enviado!
INFO:root:Calculando distancia actual...
INFO:root:Distancia(cm): 183.17
INFO:root:Enviando mensaje al broker...
INFO:root:¡Mensaje enviado!
INFO:root:Calculando distancia actual...
INFO:root:Distancia(cm): 183.4
INFO:root:Enviando mensaje al broker...
INFO:root:¡Mensaje enviado!
INFO:root:Calculando distancia actual...
INFO:root:Distancia(cm): 183.6
INFO:root:Enviando mensaje al broker...
INFO:root:¡Mensaje enviado!
INFO:root:Calculando distancia actual...
INFO:root:Distancia(cm): 184.38
INFO:root:Enviando mensaje al broker...
INFO:root:¡Mensaje enviado!
INFO:root:Calculando distancia actual...
INFO:root:Distancia(cm): 183.48
INFO:root:Enviando mensaje al broker...
INFO:root:¡Mensaje enviado!
INFO:root:Calculando distancia actual...
INFO:root:Distancia(cm): 183.06
INFO:root:Enviando mensaje al broker...
INFO:root:¡Mensaje enviado!
INFO:root:Calculando distancia actual...
INFO:root:Distancia(cm): 183.53
INFO:root:Enviando mensaje al broker...
INFO:root:¡Mensaje enviado!
INFO:root:Calculando distancia actual...
INFO:root:Distancia(cm): 182.94
INFO:root:Enviando mensaje al broker...
INFO:root:¡Mensaje enviado!
INFO:root:Calculando distancia actual...
INFO:root:Distancia(cm): 182.69
INFO:root:Enviando mensaje al broker...
INFO:root:¡Mensaje enviado!
INFO:root:Calculando distancia actual...
INFO:root:Distancia(cm): 183.48
INFO:root:Enviando mensaje al broker...
INFO:root:¡Mensaje enviado!
INFO:root:Calculando distancia actual...
INFO:root:Distancia(cm): 182.64
INFO:root:Enviando mensaje al broker...
INFO:root:¡Mensaje enviado!
INFO:root:Calculando distancia actual...
INFO:root:Distancia(cm): 183.16
INFO:root:Enviando mensaje al broker...
INFO:root:¡Mensaje enviado!
INFO:root:Calculando distancia actual...
INFO:root:Distancia(cm): 183.04
INFO:root:Enviando mensaje al broker...
INFO:root:¡Mensaje enviado!
INFO:root:Calculando distancia actual...
INFO:root:Distancia(cm): 182.65
INFO:root:Enviando mensaje al broker...
INFO:root:¡Mensaje enviado!
INFO:root:Calculando distancia actual...
INFO:root:Distancia(cm): 182.61
INFO:root:Enviando mensaje al broker...
INFO:root:¡Mensaje enviado!
INFO:root:Calculando distancia actual...
INFO:root:Distancia(cm): 182.76
INFO:root:Enviando mensaje al broker...
INFO:root:¡Mensaje enviado!
INFO:root:Calculando distancia actual...
INFO:root:Distancia(cm): 183.48
INFO:root:Enviando mensaje al broker...
INFO:root:¡Mensaje enviado!
INFO:root:Calculando distancia actual...
INFO:root:Distancia(cm): 182.73
INFO:root:Enviando mensaje al broker...
INFO:root:¡Mensaje enviado!
INFO:root:Calculando distancia actual...
INFO:root:Distancia(cm): 183.12
INFO:root:Enviando mensaje al broker...
INFO:root:¡Mensaje enviado!
INFO:root:Calculando distancia actual...
INFO:root:Distancia(cm): 182.7
INFO:root:Enviando mensaje al broker...
INFO:root:¡Mensaje enviado!
INFO:root:Calculando distancia actual...
INFO:root:Distancia(cm): 183.57
INFO:root:Enviando mensaje al broker...
INFO:root:¡Mensaje enviado!
INFO:root:Calculando distancia actual...
INFO:root:Distancia(cm): 183.0
INFO:root:Enviando mensaje al broker...
INFO:root:¡Mensaje enviado!
INFO:root:Calculando distancia actual...
INFO:root:Distancia(cm): 183.11
INFO:root:Enviando mensaje al broker...
INFO:root:¡Mensaje enviado!
INFO:root:Calculando distancia actual...
INFO:root:Distancia(cm): 182.99
INFO:root:Enviando mensaje al broker...
INFO:root:¡Mensaje enviado!
INFO:root:Calculando distancia actual...
INFO:root:Distancia(cm): 188.17
INFO:root:Enviando mensaje al broker...
INFO:root:¡Mensaje enviado!
INFO:root:Calculando distancia actual...
INFO:root:Distancia(cm): 182.69
INFO:root:Enviando mensaje al broker...
INFO:root:¡Mensaje enviado!
INFO:root:Calculando distancia actual...
INFO:root:Distancia(cm): 183.08
INFO:root:Enviando mensaje al broker...
INFO:root:¡Mensaje enviado!
INFO:root:Calculando distancia actual...
INFO:root:Distancia(cm): 183.08
INFO:root:Enviando mensaje al broker...
INFO:root:¡Mensaje enviado!
INFO:root:Calculando distancia actual...
INFO:root:Distancia(cm): 183.15
INFO:root:Enviando mensaje al broker...
INFO:root:¡Mensaje enviado!
INFO:root:Calculando distancia actual...
INFO:root:Distancia(cm): 182.67
INFO:root:Enviando mensaje al broker...
INFO:root:¡Mensaje enviado!
INFO:root:Calculando distancia actual...
INFO:root:Distancia(cm): 189.97
INFO:root:Enviando mensaje al broker...
INFO:root:¡Mensaje enviado!
INFO:root:Calculando distancia actual...
INFO:root:Distancia(cm): 183.94
INFO:root:Enviando mensaje al broker...
INFO:root:¡Mensaje enviado!
INFO:root:Calculando distancia actual...
INFO:root:Distancia(cm): 182.66
INFO:root:Enviando mensaje al broker...
INFO:root:¡Mensaje enviado!
INFO:root:Calculando distancia actual...
INFO:root:Distancia(cm): 182.69
INFO:root:Enviando mensaje al broker...
INFO:root:¡Mensaje enviado!
INFO:root:Calculando distancia actual...
INFO:root:Distancia(cm): 183.49
INFO:root:Enviando mensaje al broker...
INFO:root:¡Mensaje enviado!
INFO:root:Calculando distancia actual...
INFO:root:Distancia(cm): 182.64
INFO:root:Enviando mensaje al broker...
INFO:root:¡Mensaje enviado!
INFO:root:Calculando distancia actual...
INFO:root:Distancia(cm): 182.99
INFO:root:Enviando mensaje al broker...
INFO:root:¡Mensaje enviado!
INFO:root:Calculando distancia actual...
INFO:root:Distancia(cm): 182.61
INFO:root:Enviando mensaje al broker...
INFO:root:¡Mensaje enviado!
INFO:root:Calculando distancia actual...
INFO:root:Distancia(cm): 185.2
INFO:root:Enviando mensaje al broker...
INFO:root:¡Mensaje enviado!
INFO:root:Calculando distancia actual...
INFO:root:Distancia(cm): 182.61
INFO:root:Enviando mensaje al broker...
INFO:root:¡Mensaje enviado!
INFO:root:Calculando distancia actual...
INFO:root:Distancia(cm): 182.63
INFO:root:Enviando mensaje al broker...
INFO:root:¡Mensaje enviado!
INFO:root:Calculando distancia actual...
INFO:root:Distancia(cm): 183.05
INFO:root:Enviando mensaje al broker...
INFO:root:¡Mensaje enviado!
INFO:root:Calculando distancia actual...
INFO:root:Distancia(cm): 182.73
INFO:root:Enviando mensaje al broker...
INFO:root:¡Mensaje enviado!
INFO:root:Calculando distancia actual...
INFO:root:Distancia(cm): 182.68
INFO:root:Enviando mensaje al broker...
INFO:root:¡Mensaje enviado!
INFO:root:Calculando distancia actual...
INFO:root:Distancia(cm): 182.65
INFO:root:Enviando mensaje al broker...
INFO:root:¡Mensaje enviado!
INFO:root:Calculando distancia actual...
INFO:root:Distancia(cm): 183.45
INFO:root:Enviando mensaje al broker...
INFO:root:¡Mensaje enviado!
INFO:root:Calculando distancia actual...
INFO:root:Distancia(cm): 183.08
INFO:root:Enviando mensaje al broker...
INFO:root:¡Mensaje enviado!
INFO:root:Calculando distancia actual...
INFO:root:Distancia(cm): 183.02
INFO:root:Enviando mensaje al broker...
INFO:root:¡Mensaje enviado!
INFO:root:Calculando distancia actual...
INFO:root:Distancia(cm): 182.46
INFO:root:Enviando mensaje al broker...
INFO:root:¡Mensaje enviado!
INFO:root:Calculando distancia actual...
INFO:root:Distancia(cm): 182.6
INFO:root:Enviando mensaje al broker...
INFO:root:¡Mensaje enviado!
INFO:root:Calculando distancia actual...
INFO:root:Distancia(cm): 183.09
INFO:root:Enviando mensaje al broker...
INFO:root:¡Mensaje enviado!
INFO:root:Calculando distancia actual...
INFO:root:Distancia(cm): 183.03
INFO:root:Enviando mensaje al broker...
INFO:root:¡Mensaje enviado!
INFO:root:Calculando distancia actual...
INFO:root:Distancia(cm): 183.53
INFO:root:Enviando mensaje al broker...
INFO:root:¡Mensaje enviado!
INFO:root:Calculando distancia actual...
INFO:root:Distancia(cm): 182.66
INFO:root:Enviando mensaje al broker...
INFO:root:¡Mensaje enviado!
INFO:root:Calculando distancia actual...
INFO:root:Distancia(cm): 182.61
INFO:root:Enviando mensaje al broker...
INFO:root:¡Mensaje enviado!
INFO:root:Calculando distancia actual...
INFO:root:Distancia(cm): 182.52
INFO:root:Enviando mensaje al broker...
INFO:root:¡Mensaje enviado!
INFO:root:Calculando distancia actual...
INFO:root:Distancia(cm): 183.54
INFO:root:Enviando mensaje al broker...
INFO:root:¡Mensaje enviado!
INFO:root:Calculando distancia actual...
INFO:root:Distancia(cm): 182.6
INFO:root:Enviando mensaje al broker...
INFO:root:¡Mensaje enviado!
INFO:root:Calculando distancia actual...
INFO:root:Distancia(cm): 183.46
INFO:root:Enviando mensaje al broker...
INFO:root:¡Mensaje enviado!
INFO:root:Calculando distancia actual...
INFO:root:Distancia(cm): 183.13
INFO:root:Enviando mensaje al broker...
INFO:root:¡Mensaje enviado!
INFO:root:Calculando distancia actual...
INFO:root:Distancia(cm): 183.03
INFO:root:Enviando mensaje al broker...
INFO:root:¡Mensaje enviado!
INFO:root:Calculando distancia actual...
INFO:root:Distancia(cm): 183.04
INFO:root:Enviando mensaje al broker...
INFO:root:¡Mensaje enviado!
INFO:root:Calculando distancia actual...
INFO:root:Distancia(cm): 182.97
INFO:root:Enviando mensaje al broker...
INFO:root:¡Mensaje enviado!
INFO:root:Calculando distancia actual...
INFO:root:Distancia(cm): 183.16
INFO:root:Enviando mensaje al broker...
INFO:root:¡Mensaje enviado!
INFO:root:Calculando distancia actual...
INFO:root:Distancia(cm): 182.61
INFO:root:Enviando mensaje al broker...
INFO:root:¡Mensaje enviado!
INFO:root:Calculando distancia actual...
INFO:root:Distancia(cm): 182.97
INFO:root:Enviando mensaje al broker...
INFO:root:¡Mensaje enviado!
INFO:root:Calculando distancia actual...
INFO:root:Distancia(cm): 184.47
INFO:root:Enviando mensaje al broker...
INFO:root:¡Mensaje enviado!
INFO:root:Calculando distancia actual...
INFO:root:Distancia(cm): 183.53
INFO:root:Enviando mensaje al broker...
INFO:root:¡Mensaje enviado!
INFO:root:Calculando distancia actual...
INFO:root:Distancia(cm): 184.0
INFO:root:Enviando mensaje al broker...
INFO:root:¡Mensaje enviado!
INFO:root:Calculando distancia actual...
INFO:root:Distancia(cm): 183.06
INFO:root:Enviando mensaje al broker...
INFO:root:¡Mensaje enviado!
INFO:root:Calculando distancia actual...
INFO:root:Distancia(cm): 183.57
INFO:root:Enviando mensaje al broker...
INFO:root:¡Mensaje enviado!
INFO:root:Calculando distancia actual...
INFO:root:Distancia(cm): 182.58
INFO:root:Enviando mensaje al broker...
INFO:root:¡Mensaje enviado!
INFO:root:Calculando distancia actual...
INFO:root:Distancia(cm): 183.46
INFO:root:Enviando mensaje al broker...
INFO:root:¡Mensaje enviado!
INFO:root:Calculando distancia actual...
INFO:root:Distancia(cm): 182.6
INFO:root:Enviando mensaje al broker...
INFO:root:¡Mensaje enviado!
INFO:root:Calculando distancia actual...
INFO:root:Distancia(cm): 182.76
INFO:root:Enviando mensaje al broker...
INFO:root:¡Mensaje enviado!
INFO:root:Calculando distancia actual...
INFO:root:Distancia(cm): 182.56
INFO:root:Enviando mensaje al broker...
INFO:root:¡Mensaje enviado!
INFO:root:Calculando distancia actual...
INFO:root:Distancia(cm): 182.71
INFO:root:Enviando mensaje al broker...
INFO:root:¡Mensaje enviado!
INFO:root:Calculando distancia actual...
INFO:root:Distancia(cm): 182.61
INFO:root:Enviando mensaje al broker...
INFO:root:¡Mensaje enviado!
INFO:root:Calculando distancia actual...
INFO:root:Distancia(cm): 182.99
INFO:root:Enviando mensaje al broker...
INFO:root:¡Mensaje enviado!
INFO:root:Calculando distancia actual...
INFO:root:Distancia(cm): 182.65
INFO:root:Enviando mensaje al broker...
INFO:root:¡Mensaje enviado!
INFO:root:Calculando distancia actual...
INFO:root:Distancia(cm): 183.97
INFO:root:Enviando mensaje al broker...
INFO:root:¡Mensaje enviado!
INFO:root:Calculando distancia actual...
INFO:root:Distancia(cm): 182.65
INFO:root:Enviando mensaje al broker...
INFO:root:¡Mensaje enviado!
INFO:root:Calculando distancia actual...
INFO:root:Distancia(cm): 182.56
INFO:root:Enviando mensaje al broker...
INFO:root:¡Mensaje enviado!
INFO:root:Calculando distancia actual...
INFO:root:Distancia(cm): 183.48
INFO:root:Enviando mensaje al broker...
INFO:root:¡Mensaje enviado!
INFO:root:Calculando distancia actual...
INFO:root:Distancia(cm): 183.44
INFO:root:Enviando mensaje al broker...
INFO:root:¡Mensaje enviado!
INFO:root:Calculando distancia actual...
INFO:root:Distancia(cm): 182.67
INFO:root:Enviando mensaje al broker...
INFO:root:¡Mensaje enviado!
INFO:root:Calculando distancia actual...
INFO:root:Distancia(cm): 182.73
INFO:root:Enviando mensaje al broker...
INFO:root:¡Mensaje enviado!
INFO:root:Calculando distancia actual...
INFO:root:Distancia(cm): 183.09
INFO:root:Enviando mensaje al broker...
INFO:root:¡Mensaje enviado!
INFO:root:Calculando distancia actual...
INFO:root:Distancia(cm): 182.98
INFO:root:Enviando mensaje al broker...
INFO:root:¡Mensaje enviado!
INFO:root:Calculando distancia actual...
INFO:root:Distancia(cm): 183.46
INFO:root:Enviando mensaje al broker...
INFO:root:¡Mensaje enviado!
INFO:root:Calculando distancia actual...
INFO:root:Distancia(cm): 182.72
INFO:root:Enviando mensaje al broker...
INFO:root:¡Mensaje enviado!
INFO:root:Calculando distancia actual...
INFO:root:Distancia(cm): 183.06
INFO:root:Enviando mensaje al broker...
INFO:root:¡Mensaje enviado!
INFO:root:Calculando distancia actual...
INFO:root:Distancia(cm): 182.94
INFO:root:Enviando mensaje al broker...
INFO:root:¡Mensaje enviado!
INFO:root:Calculando distancia actual...
INFO:root:Distancia(cm): 182.4
INFO:root:Enviando mensaje al broker...
INFO:root:¡Mensaje enviado!
INFO:root:Calculando distancia actual...
INFO:root:Distancia(cm): 185.14
INFO:root:Enviando mensaje al broker...
INFO:root:¡Mensaje enviado!
INFO:root:Calculando distancia actual...
INFO:root:Distancia(cm): 182.64
INFO:root:Enviando mensaje al broker...
INFO:root:¡Mensaje enviado!
INFO:root:Calculando distancia actual...
INFO:root:Distancia(cm): 183.07
INFO:root:Enviando mensaje al broker...
INFO:root:¡Mensaje enviado!
INFO:root:Calculando distancia actual...
INFO:root:Distancia(cm): 182.51
INFO:root:Enviando mensaje al broker...
INFO:root:¡Mensaje enviado!
INFO:root:Calculando distancia actual...
INFO:root:Distancia(cm): 183.1
INFO:root:Enviando mensaje al broker...
INFO:root:¡Mensaje enviado!
INFO:root:Calculando distancia actual...
INFO:root:Distancia(cm): 182.17
INFO:root:Enviando mensaje al broker...
INFO:root:¡Mensaje enviado!
INFO:root:Calculando distancia actual...
INFO:root:Distancia(cm): 183.03
INFO:root:Enviando mensaje al broker...
INFO:root:¡Mensaje enviado!
INFO:root:Calculando distancia actual...
INFO:root:Distancia(cm): 182.73
INFO:root:Enviando mensaje al broker...
INFO:root:¡Mensaje enviado!
INFO:root:Calculando distancia actual...
INFO:root:Distancia(cm): 183.52
INFO:root:Enviando mensaje al broker...
INFO:root:¡Mensaje enviado!
INFO:root:Calculando distancia actual...
INFO:root:Distancia(cm): 182.61
INFO:root:Enviando mensaje al broker...
INFO:root:¡Mensaje enviado!
INFO:root:Calculando distancia actual...
INFO:root:Distancia(cm): 182.68
INFO:root:Enviando mensaje al broker...
INFO:root:¡Mensaje enviado!
INFO:root:Calculando distancia actual...
INFO:root:Distancia(cm): 182.63
INFO:root:Enviando mensaje al broker...
INFO:root:¡Mensaje enviado!
INFO:root:Calculando distancia actual...
INFO:root:Distancia(cm): 182.95
INFO:root:Enviando mensaje al broker...
INFO:root:¡Mensaje enviado!
INFO:root:Calculando distancia actual...
INFO:root:Distancia(cm): 182.59
INFO:root:Enviando mensaje al broker...
INFO:root:¡Mensaje enviado!
INFO:root:Calculando distancia actual...
INFO:root:Distancia(cm): 182.49
INFO:root:Enviando mensaje al broker...
INFO:root:¡Mensaje enviado!
INFO:root:Calculando distancia actual...
INFO:root:Distancia(cm): 183.17
INFO:root:Enviando mensaje al broker...
INFO:root:¡Mensaje enviado!
INFO:root:Calculando distancia actual...
INFO:root:Distancia(cm): 183.03
INFO:root:Enviando mensaje al broker...
INFO:root:¡Mensaje enviado!
INFO:root:Calculando distancia actual...
INFO:root:Distancia(cm): 183.97
INFO:root:Enviando mensaje al broker...
INFO:root:¡Mensaje enviado!
INFO:root:Calculando distancia actual...
INFO:root:Distancia(cm): 183.52
INFO:root:Enviando mensaje al broker...
INFO:root:¡Mensaje enviado!
INFO:root:Calculando distancia actual...
INFO:root:Distancia(cm): 182.69
INFO:root:Enviando mensaje al broker...
INFO:root:¡Mensaje enviado!
INFO:root:Calculando distancia actual...
INFO:root:Distancia(cm): 183.48
INFO:root:Enviando mensaje al broker...
INFO:root:¡Mensaje enviado!
INFO:root:Calculando distancia actual...
INFO:root:Distancia(cm): 182.59
INFO:root:Enviando mensaje al broker...
INFO:root:¡Mensaje enviado!
INFO:root:Calculando distancia actual...
INFO:root:Distancia(cm): 180.97
INFO:root:Enviando mensaje al broker...
INFO:root:¡Mensaje enviado!
INFO:root:Calculando distancia actual...
INFO:root:Distancia(cm): 182.63
INFO:root:Enviando mensaje al broker...
INFO:root:¡Mensaje enviado!
INFO:root:Calculando distancia actual...
INFO:root:Distancia(cm): 183.03
INFO:root:Enviando mensaje al broker...
INFO:root:¡Mensaje enviado!
INFO:root:Calculando distancia actual...
INFO:root:Distancia(cm): 183.13
INFO:root:Enviando mensaje al broker...
INFO:root:¡Mensaje enviado!
INFO:root:Calculando distancia actual...
INFO:root:Distancia(cm): 183.37
INFO:root:Enviando mensaje al broker...
INFO:root:¡Mensaje enviado!
INFO:root:Calculando distancia actual...
INFO:root:Distancia(cm): 183.41
INFO:root:Enviando mensaje al broker...
INFO:root:¡Mensaje enviado!
INFO:root:Calculando distancia actual...
INFO:root:Distancia(cm): 183.57
INFO:root:Enviando mensaje al broker...
INFO:root:¡Mensaje enviado!
INFO:root:Calculando distancia actual...
INFO:root:Distancia(cm): 183.51
INFO:root:Enviando mensaje al broker...
INFO:root:¡Mensaje enviado!
INFO:root:Calculando distancia actual...
INFO:root:Distancia(cm): 182.61
INFO:root:Enviando mensaje al broker...
INFO:root:¡Mensaje enviado!
INFO:root:Calculando distancia actual...
INFO:root:Distancia(cm): 183.57
INFO:root:Enviando mensaje al broker...
INFO:root:¡Mensaje enviado!
INFO:root:Calculando distancia actual...
INFO:root:Distancia(cm): 182.57
INFO:root:Enviando mensaje al broker...
INFO:root:¡Mensaje enviado!
INFO:root:Calculando distancia actual...
INFO:root:Distancia(cm): 183.91
INFO:root:Enviando mensaje al broker...
INFO:root:¡Mensaje enviado!
INFO:root:Calculando distancia actual...
INFO:root:Distancia(cm): 183.44
INFO:root:Enviando mensaje al broker...
INFO:root:¡Mensaje enviado!
INFO:root:Calculando distancia actual...
INFO:root:Distancia(cm): 182.59
INFO:root:Enviando mensaje al broker...
INFO:root:¡Mensaje enviado!
INFO:root:Calculando distancia actual...
INFO:root:Distancia(cm): 182.26
INFO:root:Enviando mensaje al broker...
INFO:root:¡Mensaje enviado!
INFO:root:Calculando distancia actual...
INFO:root:Distancia(cm): 183.06
INFO:root:Enviando mensaje al broker...
INFO:root:¡Mensaje enviado!
INFO:root:Calculando distancia actual...
INFO:root:Distancia(cm): 183.51
INFO:root:Enviando mensaje al broker...
INFO:root:¡Mensaje enviado!
INFO:root:Calculando distancia actual...
INFO:root:Distancia(cm): 183.83
INFO:root:Enviando mensaje al broker...
INFO:root:¡Mensaje enviado!
INFO:root:Calculando distancia actual...
INFO:root:Distancia(cm): 183.55
INFO:root:Enviando mensaje al broker...
INFO:root:¡Mensaje enviado!
INFO:root:Calculando distancia actual...
INFO:root:Distancia(cm): 183.03
INFO:root:Enviando mensaje al broker...
INFO:root:¡Mensaje enviado!
INFO:root:Calculando distancia actual...
INFO:root:Distancia(cm): 183.82
INFO:root:Enviando mensaje al broker...
INFO:root:¡Mensaje enviado!
INFO:root:Calculando distancia actual...
INFO:root:Distancia(cm): 182.67
INFO:root:Enviando mensaje al broker...
INFO:root:¡Mensaje enviado!
INFO:root:Calculando distancia actual...
INFO:root:Distancia(cm): 182.92
INFO:root:Enviando mensaje al broker...
INFO:root:¡Mensaje enviado!
INFO:root:Calculando distancia actual...
INFO:root:Distancia(cm): 183.47
INFO:root:Enviando mensaje al broker...
INFO:root:¡Mensaje enviado!
INFO:root:Calculando distancia actual...
INFO:root:Distancia(cm): 184.31
INFO:root:Enviando mensaje al broker...
INFO:root:¡Mensaje enviado!
INFO:root:Calculando distancia actual...
INFO:root:Distancia(cm): 182.57
INFO:root:Enviando mensaje al broker...
INFO:root:¡Mensaje enviado!
INFO:root:Calculando distancia actual...
INFO:root:Distancia(cm): 183.52
INFO:root:Enviando mensaje al broker...
INFO:root:¡Mensaje enviado!
INFO:root:Calculando distancia actual...
INFO:root:Distancia(cm): 182.61
INFO:root:Enviando mensaje al broker...
INFO:root:¡Mensaje enviado!
INFO:root:Calculando distancia actual...
INFO:root:Distancia(cm): 183.5
INFO:root:Enviando mensaje al broker...
INFO:root:¡Mensaje enviado!
INFO:root:Calculando distancia actual...
INFO:root:Distancia(cm): 183.5
INFO:root:Enviando mensaje al broker...
INFO:root:¡Mensaje enviado!
INFO:root:Calculando distancia actual...
INFO:root:Distancia(cm): 183.07
INFO:root:Enviando mensaje al broker...
INFO:root:¡Mensaje enviado!
INFO:root:Calculando distancia actual...
INFO:root:Distancia(cm): 183.46
INFO:root:Enviando mensaje al broker...
INFO:root:¡Mensaje enviado!
INFO:root:Calculando distancia actual...
INFO:root:Distancia(cm): 182.61
INFO:root:Enviando mensaje al broker...
INFO:root:¡Mensaje enviado!
INFO:root:Calculando distancia actual...
INFO:root:Distancia(cm): 182.65
INFO:root:Enviando mensaje al broker...
INFO:root:¡Mensaje enviado!
INFO:root:Calculando distancia actual...
INFO:root:Distancia(cm): 182.62
INFO:root:Enviando mensaje al broker...
INFO:root:¡Mensaje enviado!
INFO:root:Calculando distancia actual...
INFO:root:Distancia(cm): 183.57
INFO:root:Enviando mensaje al broker...
INFO:root:¡Mensaje enviado!
INFO:root:Calculando distancia actual...
INFO:root:Distancia(cm): 183.47
INFO:root:Enviando mensaje al broker...
INFO:root:¡Mensaje enviado!
INFO:root:Calculando distancia actual...
INFO:root:Distancia(cm): 182.93
INFO:root:Enviando mensaje al broker...
INFO:root:¡Mensaje enviado!
INFO:root:Calculando distancia actual...
INFO:root:Distancia(cm): 182.7
INFO:root:Enviando mensaje al broker...
INFO:root:¡Mensaje enviado!
INFO:root:Calculando distancia actual...
INFO:root:Distancia(cm): 182.67
INFO:root:Enviando mensaje al broker...
INFO:root:¡Mensaje enviado!
INFO:root:Calculando distancia actual...
INFO:root:Distancia(cm): 183.1
INFO:root:Enviando mensaje al broker...
INFO:root:¡Mensaje enviado!
INFO:root:Calculando distancia actual...
INFO:root:Distancia(cm): 183.03
INFO:root:Enviando mensaje al broker...
INFO:root:¡Mensaje enviado!
INFO:root:Calculando distancia actual...
INFO:root:Distancia(cm): 183.08
INFO:root:Enviando mensaje al broker...
INFO:root:¡Mensaje enviado!
INFO:root:Calculando distancia actual...
INFO:root:Distancia(cm): 182.69
INFO:root:Enviando mensaje al broker...
INFO:root:¡Mensaje enviado!
