INFO:root:Iniciando demonio distance_deamon...
INFO:root:Iniciando clase MQTTHANDLER...
INFO:root:¡MQTTHANDLER inicio correctamente!
INFO:root:Iniciando clase HCSR04...
INFO:root:¡HCSR04 inicio correctamente!
INFO:root:Calculando distancia actual...
INFO:root:Distancia(cm): 91.5
INFO:root:Enviando mensaje al broker...
INFO:root:¡Mensaje enviado!
INFO:root:Calculando distancia actual...
INFO:root:Distancia(cm): 91.0
INFO:root:Enviando mensaje al broker...
INFO:root:¡Mensaje enviado!
INFO:root:Calculando distancia actual...
INFO:root:Distancia(cm): 91.89
INFO:root:Enviando mensaje al broker...
INFO:root:¡Mensaje enviado!
INFO:root:Calculando distancia actual...
INFO:root:Distancia(cm): 92.35
INFO:root:Enviando mensaje al broker...
INFO:root:¡Mensaje enviado!
INFO:root:Calculando distancia actual...
INFO:root:Distancia(cm): 91.0
INFO:root:Enviando mensaje al broker...
INFO:root:¡Mensaje enviado!
INFO:root:Calculando distancia actual...
INFO:root:Distancia(cm): 92.3
INFO:root:Enviando mensaje al broker...
INFO:root:¡Mensaje enviado!
INFO:root:Calculando distancia actual...
INFO:root:Distancia(cm): 85.28
INFO:root:Enviando mensaje al broker...
INFO:root:¡Mensaje enviado!
INFO:root:Calculando distancia actual...
INFO:root:Distancia(cm): 91.01
INFO:root:Enviando mensaje al broker...
INFO:root:¡Mensaje enviado!
INFO:root:Calculando distancia actual...
INFO:root:Distancia(cm): 92.27
INFO:root:Enviando mensaje al broker...
INFO:root:¡Mensaje enviado!
INFO:root:Calculando distancia actual...
INFO:root:Distancia(cm): 91.56
INFO:root:Enviando mensaje al broker...
INFO:root:¡Mensaje enviado!
INFO:root:Calculando distancia actual...
INFO:root:Distancia(cm): 91.86
INFO:root:Enviando mensaje al broker...
INFO:root:¡Mensaje enviado!
INFO:root:Calculando distancia actual...
INFO:root:Distancia(cm): 91.02
INFO:root:Enviando mensaje al broker...
INFO:root:¡Mensaje enviado!
INFO:root:Calculando distancia actual...
INFO:root:Distancia(cm): 92.27
INFO:root:Enviando mensaje al broker...
INFO:root:¡Mensaje enviado!
INFO:root:Calculando distancia actual...
INFO:root:Distancia(cm): 91.42
INFO:root:Enviando mensaje al broker...
INFO:root:¡Mensaje enviado!
INFO:root:Calculando distancia actual...
INFO:root:Distancia(cm): 91.42
INFO:root:Enviando mensaje al broker...
INFO:root:¡Mensaje enviado!
INFO:root:Calculando distancia actual...
INFO:root:Distancia(cm): 92.31
INFO:root:Enviando mensaje al broker...
INFO:root:¡Mensaje enviado!
INFO:root:Deteniendo el demonio: distance_deamon...
INFO:root:¡Demonio finalizado correctamente!
